[2026-06-20 21:31:59] app.utils.parser - INFO - Logging initialized → /mnt/c/Users/acer/PROJECTS/A Minor NCE/Resume/resume-screener/logs/app.log
[2026-06-20 21:32:08] __main__ - INFO - Starting server on http://0.0.0.0:8000
[2026-06-20 21:32:08] asyncio - DEBUG - Using selector: EpollSelector
[2026-06-20 21:32:08] __main__ - INFO - Resume Screener API starting up...
[2026-06-20 21:32:08] __main__ - INFO - Resume Screener API shutting down.
[2026-06-20 21:35:43] app.utils.parser - INFO - Logging initialized → /mnt/c/Users/acer/PROJECTS/A Minor NCE/Resume/resume-screener/logs/app.log
[2026-06-20 21:35:48] __main__ - INFO - Starting server on http://0.0.0.0:8000
[2026-06-20 21:35:48] asyncio - DEBUG - Using selector: EpollSelector
[2026-06-20 21:35:48] __main__ - INFO - Resume Screener API starting up...
[2026-06-20 21:36:12] __main__ - INFO - Resume Screener API shutting down.
[2026-06-20 21:36:26] app.utils.parser - INFO - Logging initialized → /mnt/c/Users/acer/PROJECTS/A Minor NCE/Resume/resume-screener/logs/app.log
[2026-06-20 21:36:31] __main__ - INFO - Starting server on http://0.0.0.0:8000
[2026-06-20 21:36:31] asyncio - DEBUG - Using selector: EpollSelector
[2026-06-20 21:36:31] __main__ - INFO - Resume Screener API starting up...
[2026-06-20 21:36:33] __main__ - INFO - GET / → 200 (0.02s)
[2026-06-20 21:36:45] __main__ - INFO - Resume Screener API shutting down.
[2026-06-20 21:37:13] app.utils.parser - INFO - Logging initialized → /mnt/c/Users/acer/PROJECTS/A Minor NCE/Resume/resume-screener/logs/app.log
[2026-06-20 21:37:18] __main__ - INFO - Starting server on http://0.0.0.0:8000
[2026-06-20 21:37:18] asyncio - DEBUG - Using selector: EpollSelector
[2026-06-20 21:37:18] __main__ - INFO - Resume Screener API starting up...
[2026-06-20 21:37:27] __main__ - INFO - GET / → 200 (0.01s)
[2026-06-20 21:37:32] __main__ - INFO - GET / → 200 (0.00s)
[2026-06-20 21:37:32] __main__ - INFO - GET /batch → 200 (0.02s)
[2026-06-20 21:37:32] __main__ - INFO - GET /analytics → 200 (0.02s)
[2026-06-20 21:37:32] app.utils.parser - DEBUG - Parsing: good_resume.txt (format: txt, size: 242 bytes)
[2026-06-20 21:37:32] app.utils.parser - DEBUG - TXT parsed: 241 chars (encoding: utf-8)
[2026-06-20 21:37:32] __main__ - INFO - Predicting: good_resume.txt | JD: 29 chars
[2026-06-20 21:37:32] app.models.embedder - INFO - Loading SBERT model: all-MiniLM-L6-v2
[2026-06-20 21:37:33] sentence_transformers.base.model - INFO - No device provided, using cuda:0
[2026-06-20 21:37:33] httpcore.connection - DEBUG - connect_tcp.started host='huggingface.co' port=443 local_address=None timeout=10 socket_options=None
[2026-06-20 21:37:33] httpcore.connection - DEBUG - connect_tcp.complete return_value=<httpcore._backends.sync.SyncStream object at 0x7f6cad6467d0>
[2026-06-20 21:37:33] httpcore.connection - DEBUG - start_tls.started ssl_context=<ssl.SSLContext object at 0x7f6cad5d75c0> server_hostname='huggingface.co' timeout=10
[2026-06-20 21:37:33] httpcore.connection - DEBUG - start_tls.complete return_value=<httpcore._backends.sync.SyncStream object at 0x7f6cad6467a0>
[2026-06-20 21:37:33] httpcore.http11 - DEBUG - send_request_headers.started request=<Request [b'HEAD']>
[2026-06-20 21:37:33] httpcore.http11 - DEBUG - send_request_headers.complete
[2026-06-20 21:37:33] httpcore.http11 - DEBUG - send_request_body.started request=<Request [b'HEAD']>
[2026-06-20 21:37:33] httpcore.http11 - DEBUG - send_request_body.complete
[2026-06-20 21:37:33] httpcore.http11 - DEBUG - receive_response_headers.started request=<Request [b'HEAD']>
[2026-06-20 21:37:33] httpcore.http11 - DEBUG - receive_response_headers.complete return_value=(b'HTTP/1.1', 307, b'Temporary Redirect', [(b'Content-Type', b'text/plain; charset=utf-8'), (b'Content-Length', b'282'), (b'Connection', b'keep-alive'), (b'Date', b'Sat, 20 Jun 2026 15:52:34 GMT'), (b'Location', b'/api/resolve-cache/models/sentence-transformers/all-MiniLM-L6-v2/1110a243fdf4706b3f48f1d95db1a4f5529b4d41/modules.json?%2Fsentence-transformers%2Fall-MiniLM-L6-v2%2Fresolve%2Fmain%2Fmodules.json=&etag=%22952a9b81c0bfd99800fabf352f69c7ccd46c5e43%22'), (b'X-Powered-By', b'huggingface-moon'), (b'X-Request-Id', b'Root=1-6a36b742-358fba163718c22034ed1605;35366b23-7db8-43bf-aeaf-7557ff86eed4'), (b'RateLimit', b'"resolvers";r=2999;t=90'), (b'RateLimit-Policy', b'"fixed window";"resolvers";q=3000;w=300'), (b'cross-origin-opener-policy', b'same-origin'), (b'Referrer-Policy', b'strict-origin-when-cross-origin'), (b'Access-Control-Max-Age', b'86400'), (b'Access-Control-Allow-Origin', b'https://huggingface.co'), (b'Vary', b'Origin, Accept'), (b'Access-Control-Expose-Headers', b'X-Repo-Commit,X-Request-Id,X-Error-Code,X-Error-Message,X-Total-Count,ETag,Link,Accept-Ranges,Content-Range,X-Linked-Size,X-Linked-ETag,X-Xet-Hash'), (b'X-Repo-Commit', b'1110a243fdf4706b3f48f1d95db1a4f5529b4d41'), (b'Accept-Ranges', b'bytes'), (b'X-HF-Warning', b'unauthenticated; Warning: You are sending unauthenticated requests to the HF Hub. Please set a HF_TOKEN to enable higher rate limits and faster downloads.'), (b'X-Hub-Cache', b'HIT'), (b'Content-Disposition', b'inline; filename*=UTF-8\'\'modules.json; filename="modules.json";'), (b'Content-Security-Policy', b"default-src 'none'; sandbox"), (b'X-Linked-ETag', b'"952a9b81c0bfd99800fabf352f69c7ccd46c5e43"'), (b'X-Cache', b'Miss from cloudfront'), (b'Via', b'1.1 98c5164a86e0d67efb9bf35971e4d56c.cloudfront.net (CloudFront)'), (b'X-Amz-Cf-Pop', b'BOM78-P10'), (b'X-Amz-Cf-Id', b'WDmdlgKKVcO2BLU35HhWd8UMcKLddTKX_1QiqczUIgjtKXUGrjIriw==')])
[2026-06-20 21:37:33] httpx - INFO - HTTP Request: HEAD https://huggingface.co/sentence-transformers/all-MiniLM-L6-v2/resolve/main/modules.json "HTTP/1.1 307 Temporary Redirect"
[2026-06-20 21:37:33] httpcore.http11 - DEBUG - receive_response_body.started request=<Request [b'HEAD']>
[2026-06-20 21:37:33] httpcore.http11 - DEBUG - receive_response_body.complete
[2026-06-20 21:37:33] httpcore.http11 - DEBUG - response_closed.started
[2026-06-20 21:37:33] httpcore.http11 - DEBUG - response_closed.complete
[2026-06-20 21:37:33] huggingface_hub.utils._http - WARNING - Warning: You are sending unauthenticated requests to the HF Hub. Please set a HF_TOKEN to enable higher rate limits and faster downloads.
[2026-06-20 21:37:33] httpcore.http11 - DEBUG - send_request_headers.started request=<Request [b'HEAD']>
[2026-06-20 21:37:33] httpcore.http11 - DEBUG - send_request_headers.complete
[2026-06-20 21:37:33] httpcore.http11 - DEBUG - send_request_body.started request=<Request [b'HEAD']>
[2026-06-20 21:37:33] httpcore.http11 - DEBUG - send_request_body.complete
[2026-06-20 21:37:33] httpcore.http11 - DEBUG - receive_response_headers.started request=<Request [b'HEAD']>
[2026-06-20 21:37:34] httpcore.http11 - DEBUG - receive_response_headers.complete return_value=(b'HTTP/1.1', 200, b'OK', [(b'Content-Type', b'text/plain; charset=utf-8'), (b'Content-Length', b'349'), (b'Connection', b'keep-alive'), (b'Date', b'Mon, 01 Jun 2026 06:29:13 GMT'), (b'ETag', b'"952a9b81c0bfd99800fabf352f69c7ccd46c5e43"'), (b'X-Powered-By', b'huggingface-moon'), (b'X-Request-Id', b'Root=1-6a1d26b9-401ffac323d2e3bd613a280a;9d9c17d4-6858-408e-947f-e6f613e9b599'), (b'RateLimit', b'"resolvers";r=1669;t=219'), (b'RateLimit-Policy', b'"fixed window";"resolvers";q=3000;w=300'), (b'cross-origin-opener-policy', b'same-origin'), (b'Referrer-Policy', b'strict-origin-when-cross-origin'), (b'Access-Control-Max-Age', b'86400'), (b'Access-Control-Allow-Origin', b'https://huggingface.co'), (b'Access-Control-Expose-Headers', b'X-Repo-Commit,X-Request-Id,X-Error-Code,X-Error-Message,X-Total-Count,ETag,Link,Accept-Ranges,Content-Range,X-Linked-Size,X-Linked-ETag,X-Xet-Hash'), (b'X-Repo-Commit', b'1110a243fdf4706b3f48f1d95db1a4f5529b4d41'), (b'Accept-Ranges', b'bytes'), (b'X-Hub-Cache', b'MISS'), (b'Content-Disposition', b'inline; filename*=UTF-8\'\'modules.json; filename="modules.json";'), (b'Content-Security-Policy', b"default-src 'none'; sandbox"), (b'Vary', b'Origin'), (b'X-Cache', b'Hit from cloudfront'), (b'Via', b'1.1 98c5164a86e0d67efb9bf35971e4d56c.cloudfront.net (CloudFront)'), (b'X-Amz-Cf-Pop', b'BOM78-P10'), (b'X-Amz-Cf-Id', b'jlga2PRAox9dqoag_ruRu-tzxtlQNvxEaXui6_crY871BLJtDn7xtw=='), (b'Age', b'1675401')])
[2026-06-20 21:37:34] httpx - INFO - HTTP Request: HEAD https://huggingface.co/api/resolve-cache/models/sentence-transformers/all-MiniLM-L6-v2/1110a243fdf4706b3f48f1d95db1a4f5529b4d41/modules.json "HTTP/1.1 200 OK"
[2026-06-20 21:37:34] httpcore.http11 - DEBUG - receive_response_body.started request=<Request [b'HEAD']>
[2026-06-20 21:37:34] httpcore.http11 - DEBUG - receive_response_body.complete
[2026-06-20 21:37:34] httpcore.http11 - DEBUG - response_closed.started
[2026-06-20 21:37:34] httpcore.http11 - DEBUG - response_closed.complete
[2026-06-20 21:37:34] httpcore.http11 - DEBUG - send_request_headers.started request=<Request [b'HEAD']>
[2026-06-20 21:37:34] httpcore.http11 - DEBUG - send_request_headers.complete
[2026-06-20 21:37:34] httpcore.http11 - DEBUG - send_request_body.started request=<Request [b'HEAD']>
[2026-06-20 21:37:34] httpcore.http11 - DEBUG - send_request_body.complete
[2026-06-20 21:37:34] httpcore.http11 - DEBUG - receive_response_headers.started request=<Request [b'HEAD']>
[2026-06-20 21:37:34] httpcore.http11 - DEBUG - receive_response_headers.complete return_value=(b'HTTP/1.1', 307, b'Temporary Redirect', [(b'Content-Type', b'text/plain; charset=utf-8'), (b'Content-Length', b'324'), (b'Connection', b'keep-alive'), (b'Date', b'Sat, 20 Jun 2026 15:52:34 GMT'), (b'Location', b'/api/resolve-cache/models/sentence-transformers/all-MiniLM-L6-v2/1110a243fdf4706b3f48f1d95db1a4f5529b4d41/config_sentence_transformers.json?%2Fsentence-transformers%2Fall-MiniLM-L6-v2%2Fresolve%2Fmain%2Fconfig_sentence_transformers.json=&etag=%22fd1b291129c607e5d49799f87cb219b27f98acdf%22'), (b'X-Powered-By', b'huggingface-moon'), (b'X-Request-Id', b'Root=1-6a36b742-5daeb0d730965a9e49c8fde2;64267d0b-33ec-427f-9533-034ac73efd1b'), (b'RateLimit', b'"resolvers";r=2998;t=90'), (b'RateLimit-Policy', b'"fixed window";"resolvers";q=3000;w=300'), (b'cross-origin-opener-policy', b'same-origin'), (b'Referrer-Policy', b'strict-origin-when-cross-origin'), (b'Access-Control-Max-Age', b'86400'), (b'Access-Control-Allow-Origin', b'https://huggingface.co'), (b'Vary', b'Origin, Accept'), (b'Access-Control-Expose-Headers', b'X-Repo-Commit,X-Request-Id,X-Error-Code,X-Error-Message,X-Total-Count,ETag,Link,Accept-Ranges,Content-Range,X-Linked-Size,X-Linked-ETag,X-Xet-Hash'), (b'X-Repo-Commit', b'1110a243fdf4706b3f48f1d95db1a4f5529b4d41'), (b'Accept-Ranges', b'bytes'), (b'X-Hub-Cache', b'HIT'), (b'Content-Disposition', b'inline; filename*=UTF-8\'\'config_sentence_transformers.json; filename="config_sentence_transformers.json";'), (b'Content-Security-Policy', b"default-src 'none'; sandbox"), (b'X-Linked-ETag', b'"fd1b291129c607e5d49799f87cb219b27f98acdf"'), (b'X-Cache', b'Miss from cloudfront'), (b'Via', b'1.1 98c5164a86e0d67efb9bf35971e4d56c.cloudfront.net (CloudFront)'), (b'X-Amz-Cf-Pop', b'BOM78-P10'), (b'X-Amz-Cf-Id', b'_ekf7PzI6-bhLMhVaImjP39ehzekmiWjjTTcn9hnGdwr7nZvXDWBKg==')])
[2026-06-20 21:37:34] httpx - INFO - HTTP Request: HEAD https://huggingface.co/sentence-transformers/all-MiniLM-L6-v2/resolve/main/config_sentence_transformers.json "HTTP/1.1 307 Temporary Redirect"
[2026-06-20 21:37:34] httpcore.http11 - DEBUG - receive_response_body.started request=<Request [b'HEAD']>
[2026-06-20 21:37:34] httpcore.http11 - DEBUG - receive_response_body.complete
[2026-06-20 21:37:34] httpcore.http11 - DEBUG - response_closed.started
[2026-06-20 21:37:34] httpcore.http11 - DEBUG - response_closed.complete
[2026-06-20 21:37:34] httpcore.http11 - DEBUG - send_request_headers.started request=<Request [b'HEAD']>
[2026-06-20 21:37:34] httpcore.http11 - DEBUG - send_request_headers.complete
[2026-06-20 21:37:34] httpcore.http11 - DEBUG - send_request_body.started request=<Request [b'HEAD']>
[2026-06-20 21:37:34] httpcore.http11 - DEBUG - send_request_body.complete
[2026-06-20 21:37:34] httpcore.http11 - DEBUG - receive_response_headers.started request=<Request [b'HEAD']>
[2026-06-20 21:37:34] httpcore.http11 - DEBUG - receive_response_headers.complete return_value=(b'HTTP/1.1', 200, b'OK', [(b'Content-Type', b'text/plain; charset=utf-8'), (b'Content-Length', b'116'), (b'Connection', b'keep-alive'), (b'Date', b'Mon, 01 Jun 2026 06:29:13 GMT'), (b'ETag', b'"fd1b291129c607e5d49799f87cb219b27f98acdf"'), (b'X-Powered-By', b'huggingface-moon'), (b'X-Request-Id', b'Root=1-6a1d26b9-7fd79dca276d3403700af537;5a704aa2-c0dd-421f-bf1d-25999dcdb257'), (b'RateLimit', b'"resolvers";r=2666;t=67'), (b'RateLimit-Policy', b'"fixed window";"resolvers";q=3000;w=300'), (b'cross-origin-opener-policy', b'same-origin'), (b'Referrer-Policy', b'strict-origin-when-cross-origin'), (b'Access-Control-Max-Age', b'86400'), (b'Access-Control-Allow-Origin', b'https://huggingface.co'), (b'Access-Control-Expose-Headers', b'X-Repo-Commit,X-Request-Id,X-Error-Code,X-Error-Message,X-Total-Count,ETag,Link,Accept-Ranges,Content-Range,X-Linked-Size,X-Linked-ETag,X-Xet-Hash'), (b'X-Repo-Commit', b'1110a243fdf4706b3f48f1d95db1a4f5529b4d41'), (b'Accept-Ranges', b'bytes'), (b'X-Hub-Cache', b'MISS'), (b'Content-Disposition', b'inline; filename*=UTF-8\'\'config_sentence_transformers.json; filename="config_sentence_transformers.json";'), (b'Content-Security-Policy', b"default-src 'none'; sandbox"), (b'Vary', b'Origin'), (b'X-Cache', b'Hit from cloudfront'), (b'Via', b'1.1 98c5164a86e0d67efb9bf35971e4d56c.cloudfront.net (CloudFront)'), (b'X-Amz-Cf-Pop', b'BOM78-P10'), (b'X-Amz-Cf-Id', b'P1ZibD1mUFl5N0Z-6maA9d7u2u3Bqb4h9SxtYDPKTnWG0OeVuggH-Q=='), (b'Age', b'1675401')])
[2026-06-20 21:37:34] httpx - INFO - HTTP Request: HEAD https://huggingface.co/api/resolve-cache/models/sentence-transformers/all-MiniLM-L6-v2/1110a243fdf4706b3f48f1d95db1a4f5529b4d41/config_sentence_transformers.json "HTTP/1.1 200 OK"
[2026-06-20 21:37:34] httpcore.http11 - DEBUG - receive_response_body.started request=<Request [b'HEAD']>
[2026-06-20 21:37:34] httpcore.http11 - DEBUG - receive_response_body.complete
[2026-06-20 21:37:34] httpcore.http11 - DEBUG - response_closed.started
[2026-06-20 21:37:34] httpcore.http11 - DEBUG - response_closed.complete
[2026-06-20 21:37:34] sentence_transformers.base.model - INFO - Loading SentenceTransformer model from sentence-transformers/all-MiniLM-L6-v2.
[2026-06-20 21:37:34] httpcore.http11 - DEBUG - send_request_headers.started request=<Request [b'HEAD']>
[2026-06-20 21:37:34] httpcore.http11 - DEBUG - send_request_headers.complete
[2026-06-20 21:37:34] httpcore.http11 - DEBUG - send_request_body.started request=<Request [b'HEAD']>
[2026-06-20 21:37:34] httpcore.http11 - DEBUG - send_request_body.complete
[2026-06-20 21:37:34] httpcore.http11 - DEBUG - receive_response_headers.started request=<Request [b'HEAD']>
[2026-06-20 21:37:34] httpcore.http11 - DEBUG - receive_response_headers.complete return_value=(b'HTTP/1.1', 307, b'Temporary Redirect', [(b'Content-Type', b'text/plain; charset=utf-8'), (b'Content-Length', b'324'), (b'Connection', b'keep-alive'), (b'Date', b'Sat, 20 Jun 2026 15:52:35 GMT'), (b'Location', b'/api/resolve-cache/models/sentence-transformers/all-MiniLM-L6-v2/1110a243fdf4706b3f48f1d95db1a4f5529b4d41/config_sentence_transformers.json?%2Fsentence-transformers%2Fall-MiniLM-L6-v2%2Fresolve%2Fmain%2Fconfig_sentence_transformers.json=&etag=%22fd1b291129c607e5d49799f87cb219b27f98acdf%22'), (b'X-Powered-By', b'huggingface-moon'), (b'X-Request-Id', b'Root=1-6a36b742-0f5281614f36140731bf2f8c;d86bbe2b-b773-4b24-af6f-764a010df6a7'), (b'RateLimit', b'"resolvers";r=2997;t=89'), (b'RateLimit-Policy', b'"fixed window";"resolvers";q=3000;w=300'), (b'cross-origin-opener-policy', b'same-origin'), (b'Referrer-Policy', b'strict-origin-when-cross-origin'), (b'Access-Control-Max-Age', b'86400'), (b'Access-Control-Allow-Origin', b'https://huggingface.co'), (b'Vary', b'Origin, Accept'), (b'Access-Control-Expose-Headers', b'X-Repo-Commit,X-Request-Id,X-Error-Code,X-Error-Message,X-Total-Count,ETag,Link,Accept-Ranges,Content-Range,X-Linked-Size,X-Linked-ETag,X-Xet-Hash'), (b'X-Repo-Commit', b'1110a243fdf4706b3f48f1d95db1a4f5529b4d41'), (b'Accept-Ranges', b'bytes'), (b'X-Hub-Cache', b'HIT'), (b'Content-Disposition', b'inline; filename*=UTF-8\'\'config_sentence_transformers.json; filename="config_sentence_transformers.json";'), (b'Content-Security-Policy', b"default-src 'none'; sandbox"), (b'X-Linked-ETag', b'"fd1b291129c607e5d49799f87cb219b27f98acdf"'), (b'X-Cache', b'Miss from cloudfront'), (b'Via', b'1.1 98c5164a86e0d67efb9bf35971e4d56c.cloudfront.net (CloudFront)'), (b'X-Amz-Cf-Pop', b'BOM78-P10'), (b'X-Amz-Cf-Id', b'm9PhC_u-NvSR0oBtQDyMkZmtDFaRed3TNt5U6OLlxJBF89OUWIjxNg==')])
[2026-06-20 21:37:34] httpx - INFO - HTTP Request: HEAD https://huggingface.co/sentence-transformers/all-MiniLM-L6-v2/resolve/main/config_sentence_transformers.json "HTTP/1.1 307 Temporary Redirect"
[2026-06-20 21:37:34] httpcore.http11 - DEBUG - receive_response_body.started request=<Request [b'HEAD']>
[2026-06-20 21:37:34] httpcore.http11 - DEBUG - receive_response_body.complete
[2026-06-20 21:37:34] httpcore.http11 - DEBUG - response_closed.started
[2026-06-20 21:37:34] httpcore.http11 - DEBUG - response_closed.complete
[2026-06-20 21:37:34] httpcore.http11 - DEBUG - send_request_headers.started request=<Request [b'HEAD']>
[2026-06-20 21:37:34] httpcore.http11 - DEBUG - send_request_headers.complete
[2026-06-20 21:37:34] httpcore.http11 - DEBUG - send_request_body.started request=<Request [b'HEAD']>
[2026-06-20 21:37:34] httpcore.http11 - DEBUG - send_request_body.complete
[2026-06-20 21:37:34] httpcore.http11 - DEBUG - receive_response_headers.started request=<Request [b'HEAD']>
[2026-06-20 21:37:34] httpcore.http11 - DEBUG - receive_response_headers.complete return_value=(b'HTTP/1.1', 200, b'OK', [(b'Content-Type', b'text/plain; charset=utf-8'), (b'Content-Length', b'116'), (b'Connection', b'keep-alive'), (b'Date', b'Mon, 01 Jun 2026 06:29:13 GMT'), (b'ETag', b'"fd1b291129c607e5d49799f87cb219b27f98acdf"'), (b'X-Powered-By', b'huggingface-moon'), (b'X-Request-Id', b'Root=1-6a1d26b9-7fd79dca276d3403700af537;5a704aa2-c0dd-421f-bf1d-25999dcdb257'), (b'RateLimit', b'"resolvers";r=2666;t=67'), (b'RateLimit-Policy', b'"fixed window";"resolvers";q=3000;w=300'), (b'cross-origin-opener-policy', b'same-origin'), (b'Referrer-Policy', b'strict-origin-when-cross-origin'), (b'Access-Control-Max-Age', b'86400'), (b'Access-Control-Allow-Origin', b'https://huggingface.co'), (b'Access-Control-Expose-Headers', b'X-Repo-Commit,X-Request-Id,X-Error-Code,X-Error-Message,X-Total-Count,ETag,Link,Accept-Ranges,Content-Range,X-Linked-Size,X-Linked-ETag,X-Xet-Hash'), (b'X-Repo-Commit', b'1110a243fdf4706b3f48f1d95db1a4f5529b4d41'), (b'Accept-Ranges', b'bytes'), (b'X-Hub-Cache', b'MISS'), (b'Content-Disposition', b'inline; filename*=UTF-8\'\'config_sentence_transformers.json; filename="config_sentence_transformers.json";'), (b'Content-Security-Policy', b"default-src 'none'; sandbox"), (b'Vary', b'Origin'), (b'X-Cache', b'Hit from cloudfront'), (b'Via', b'1.1 98c5164a86e0d67efb9bf35971e4d56c.cloudfront.net (CloudFront)'), (b'X-Amz-Cf-Pop', b'BOM78-P10'), (b'X-Amz-Cf-Id', b'DbT-4bcApnBiK7e0kzogm_QpHiP3VDkI9IIah99SNRQbgWar2UlSdQ=='), (b'Age', b'1675402')])
[2026-06-20 21:37:34] httpx - INFO - HTTP Request: HEAD https://huggingface.co/api/resolve-cache/models/sentence-transformers/all-MiniLM-L6-v2/1110a243fdf4706b3f48f1d95db1a4f5529b4d41/config_sentence_transformers.json "HTTP/1.1 200 OK"
[2026-06-20 21:37:34] httpcore.http11 - DEBUG - receive_response_body.started request=<Request [b'HEAD']>
[2026-06-20 21:37:34] httpcore.http11 - DEBUG - receive_response_body.complete
[2026-06-20 21:37:34] httpcore.http11 - DEBUG - response_closed.started
[2026-06-20 21:37:34] httpcore.http11 - DEBUG - response_closed.complete
[2026-06-20 21:37:34] httpcore.http11 - DEBUG - send_request_headers.started request=<Request [b'HEAD']>
[2026-06-20 21:37:34] httpcore.http11 - DEBUG - send_request_headers.complete
[2026-06-20 21:37:34] httpcore.http11 - DEBUG - send_request_body.started request=<Request [b'HEAD']>
[2026-06-20 21:37:34] httpcore.http11 - DEBUG - send_request_body.complete
[2026-06-20 21:37:34] httpcore.http11 - DEBUG - receive_response_headers.started request=<Request [b'HEAD']>
[2026-06-20 21:37:34] httpcore.http11 - DEBUG - receive_response_headers.complete return_value=(b'HTTP/1.1', 307, b'Temporary Redirect', [(b'Content-Type', b'text/plain; charset=utf-8'), (b'Content-Length', b'276'), (b'Connection', b'keep-alive'), (b'Date', b'Sat, 20 Jun 2026 15:52:35 GMT'), (b'Location', b'/api/resolve-cache/models/sentence-transformers/all-MiniLM-L6-v2/1110a243fdf4706b3f48f1d95db1a4f5529b4d41/README.md?%2Fsentence-transformers%2Fall-MiniLM-L6-v2%2Fresolve%2Fmain%2FREADME.md=&etag=%2244af2e3b0fa3a0b6239e48422972bf755f28fde0%22'), (b'X-Powered-By', b'huggingface-moon'), (b'X-Request-Id', b'Root=1-6a36b743-2867c7503e57caa765753117;4a089508-8748-4967-9eb5-bc8736e24382'), (b'RateLimit', b'"resolvers";r=2996;t=89'), (b'RateLimit-Policy', b'"fixed window";"resolvers";q=3000;w=300'), (b'cross-origin-opener-policy', b'same-origin'), (b'Referrer-Policy', b'strict-origin-when-cross-origin'), (b'Access-Control-Max-Age', b'86400'), (b'Access-Control-Allow-Origin', b'https://huggingface.co'), (b'Vary', b'Origin, Accept'), (b'Access-Control-Expose-Headers', b'X-Repo-Commit,X-Request-Id,X-Error-Code,X-Error-Message,X-Total-Count,ETag,Link,Accept-Ranges,Content-Range,X-Linked-Size,X-Linked-ETag,X-Xet-Hash'), (b'X-Repo-Commit', b'1110a243fdf4706b3f48f1d95db1a4f5529b4d41'), (b'Accept-Ranges', b'bytes'), (b'X-HF-Warning', b'unauthenticated; Warning: You are sending unauthenticated requests to the HF Hub. Please set a HF_TOKEN to enable higher rate limits and faster downloads.'), (b'X-Hub-Cache', b'HIT'), (b'Content-Disposition', b'inline; filename*=UTF-8\'\'README.md; filename="README.md";'), (b'Content-Security-Policy', b"default-src 'none'; sandbox"), (b'X-Linked-ETag', b'"44af2e3b0fa3a0b6239e48422972bf755f28fde0"'), (b'X-Cache', b'Miss from cloudfront'), (b'Via', b'1.1 98c5164a86e0d67efb9bf35971e4d56c.cloudfront.net (CloudFront)'), (b'X-Amz-Cf-Pop', b'BOM78-P10'), (b'X-Amz-Cf-Id', b'ig2SJzTIUbz3Bis53xUUphF6xjv-D5qfTpEN7peN-vhw_4mQRV86sw==')])
[2026-06-20 21:37:34] httpx - INFO - HTTP Request: HEAD https://huggingface.co/sentence-transformers/all-MiniLM-L6-v2/resolve/main/README.md "HTTP/1.1 307 Temporary Redirect"
[2026-06-20 21:37:34] httpcore.http11 - DEBUG - receive_response_body.started request=<Request [b'HEAD']>
[2026-06-20 21:37:34] httpcore.http11 - DEBUG - receive_response_body.complete
[2026-06-20 21:37:34] httpcore.http11 - DEBUG - response_closed.started
[2026-06-20 21:37:34] httpcore.http11 - DEBUG - response_closed.complete
[2026-06-20 21:37:34] httpcore.http11 - DEBUG - send_request_headers.started request=<Request [b'HEAD']>
[2026-06-20 21:37:34] httpcore.http11 - DEBUG - send_request_headers.complete
[2026-06-20 21:37:34] httpcore.http11 - DEBUG - send_request_body.started request=<Request [b'HEAD']>
[2026-06-20 21:37:34] httpcore.http11 - DEBUG - send_request_body.complete
[2026-06-20 21:37:34] httpcore.http11 - DEBUG - receive_response_headers.started request=<Request [b'HEAD']>
[2026-06-20 21:37:34] httpcore.http11 - DEBUG - receive_response_headers.complete return_value=(b'HTTP/1.1', 200, b'OK', [(b'Content-Type', b'text/plain; charset=utf-8'), (b'Content-Length', b'10502'), (b'Connection', b'keep-alive'), (b'Date', b'Mon, 01 Jun 2026 06:29:14 GMT'), (b'ETag', b'"44af2e3b0fa3a0b6239e48422972bf755f28fde0"'), (b'X-Powered-By', b'huggingface-moon'), (b'X-Request-Id', b'Root=1-6a1d26ba-30f725e22eb564cb53fbc9a2;ba4fce5b-592d-4e7e-9417-c3e8f4ae35d0'), (b'RateLimit', b'"resolvers";r=2814;t=38'), (b'RateLimit-Policy', b'"fixed window";"resolvers";q=3000;w=300'), (b'cross-origin-opener-policy', b'same-origin'), (b'Referrer-Policy', b'strict-origin-when-cross-origin'), (b'Access-Control-Max-Age', b'86400'), (b'Access-Control-Allow-Origin', b'https://huggingface.co'), (b'Access-Control-Expose-Headers', b'X-Repo-Commit,X-Request-Id,X-Error-Code,X-Error-Message,X-Total-Count,ETag,Link,Accept-Ranges,Content-Range,X-Linked-Size,X-Linked-ETag,X-Xet-Hash'), (b'X-Repo-Commit', b'1110a243fdf4706b3f48f1d95db1a4f5529b4d41'), (b'Accept-Ranges', b'bytes'), (b'X-Hub-Cache', b'MISS'), (b'Content-Disposition', b'inline; filename*=UTF-8\'\'README.md; filename="README.md";'), (b'Content-Security-Policy', b"default-src 'none'; sandbox"), (b'Vary', b'Origin'), (b'X-Cache', b'Hit from cloudfront'), (b'Via', b'1.1 98c5164a86e0d67efb9bf35971e4d56c.cloudfront.net (CloudFront)'), (b'X-Amz-Cf-Pop', b'BOM78-P10'), (b'X-Amz-Cf-Id', b'9vTQrBUfoRS8_XemUP2mj9RU43GANnmvoLdfk5zbHr05NoHRhueOcQ=='), (b'Age', b'1675401')])
[2026-06-20 21:37:34] httpx - INFO - HTTP Request: HEAD https://huggingface.co/api/resolve-cache/models/sentence-transformers/all-MiniLM-L6-v2/1110a243fdf4706b3f48f1d95db1a4f5529b4d41/README.md "HTTP/1.1 200 OK"
[2026-06-20 21:37:34] httpcore.http11 - DEBUG - receive_response_body.started request=<Request [b'HEAD']>
[2026-06-20 21:37:34] httpcore.http11 - DEBUG - receive_response_body.complete
[2026-06-20 21:37:34] httpcore.http11 - DEBUG - response_closed.started
[2026-06-20 21:37:34] httpcore.http11 - DEBUG - response_closed.complete
[2026-06-20 21:37:34] httpcore.http11 - DEBUG - send_request_headers.started request=<Request [b'HEAD']>
[2026-06-20 21:37:34] httpcore.http11 - DEBUG - send_request_headers.complete
[2026-06-20 21:37:34] httpcore.http11 - DEBUG - send_request_body.started request=<Request [b'HEAD']>
[2026-06-20 21:37:34] httpcore.http11 - DEBUG - send_request_body.complete
[2026-06-20 21:37:34] httpcore.http11 - DEBUG - receive_response_headers.started request=<Request [b'HEAD']>
[2026-06-20 21:37:35] httpcore.http11 - DEBUG - receive_response_headers.complete return_value=(b'HTTP/1.1', 307, b'Temporary Redirect', [(b'Content-Type', b'text/plain; charset=utf-8'), (b'Content-Length', b'282'), (b'Connection', b'keep-alive'), (b'Date', b'Sat, 20 Jun 2026 15:52:35 GMT'), (b'Location', b'/api/resolve-cache/models/sentence-transformers/all-MiniLM-L6-v2/1110a243fdf4706b3f48f1d95db1a4f5529b4d41/modules.json?%2Fsentence-transformers%2Fall-MiniLM-L6-v2%2Fresolve%2Fmain%2Fmodules.json=&etag=%22952a9b81c0bfd99800fabf352f69c7ccd46c5e43%22'), (b'X-Powered-By', b'huggingface-moon'), (b'X-Request-Id', b'Root=1-6a36b743-2b6684df1f52c76061ff91b6;a6fcecf1-71b7-48f9-8e05-d71a3ae92675'), (b'RateLimit', b'"resolvers";r=2995;t=89'), (b'RateLimit-Policy', b'"fixed window";"resolvers";q=3000;w=300'), (b'cross-origin-opener-policy', b'same-origin'), (b'Referrer-Policy', b'strict-origin-when-cross-origin'), (b'Access-Control-Max-Age', b'86400'), (b'Access-Control-Allow-Origin', b'https://huggingface.co'), (b'Vary', b'Origin, Accept'), (b'Access-Control-Expose-Headers', b'X-Repo-Commit,X-Request-Id,X-Error-Code,X-Error-Message,X-Total-Count,ETag,Link,Accept-Ranges,Content-Range,X-Linked-Size,X-Linked-ETag,X-Xet-Hash'), (b'X-Repo-Commit', b'1110a243fdf4706b3f48f1d95db1a4f5529b4d41'), (b'Accept-Ranges', b'bytes'), (b'X-HF-Warning', b'unauthenticated; Warning: You are sending unauthenticated requests to the HF Hub. Please set a HF_TOKEN to enable higher rate limits and faster downloads.'), (b'X-Hub-Cache', b'HIT'), (b'Content-Disposition', b'inline; filename*=UTF-8\'\'modules.json; filename="modules.json";'), (b'Content-Security-Policy', b"default-src 'none'; sandbox"), (b'X-Linked-ETag', b'"952a9b81c0bfd99800fabf352f69c7ccd46c5e43"'), (b'X-Cache', b'Miss from cloudfront'), (b'Via', b'1.1 98c5164a86e0d67efb9bf35971e4d56c.cloudfront.net (CloudFront)'), (b'X-Amz-Cf-Pop', b'BOM78-P10'), (b'X-Amz-Cf-Id', b'PiWOO93zquFBIWsYrIC1qtRRo-gsS6-10NMXSqJIHsN5karFpD5HrQ==')])
[2026-06-20 21:37:35] httpx - INFO - HTTP Request: HEAD https://huggingface.co/sentence-transformers/all-MiniLM-L6-v2/resolve/main/modules.json "HTTP/1.1 307 Temporary Redirect"
[2026-06-20 21:37:35] httpcore.http11 - DEBUG - receive_response_body.started request=<Request [b'HEAD']>
[2026-06-20 21:37:35] httpcore.http11 - DEBUG - receive_response_body.complete
[2026-06-20 21:37:35] httpcore.http11 - DEBUG - response_closed.started
[2026-06-20 21:37:35] httpcore.http11 - DEBUG - response_closed.complete
[2026-06-20 21:37:35] httpcore.http11 - DEBUG - send_request_headers.started request=<Request [b'HEAD']>
[2026-06-20 21:37:35] httpcore.http11 - DEBUG - send_request_headers.complete
[2026-06-20 21:37:35] httpcore.http11 - DEBUG - send_request_body.started request=<Request [b'HEAD']>
[2026-06-20 21:37:35] httpcore.http11 - DEBUG - send_request_body.complete
[2026-06-20 21:37:35] httpcore.http11 - DEBUG - receive_response_headers.started request=<Request [b'HEAD']>
[2026-06-20 21:37:35] httpcore.http11 - DEBUG - receive_response_headers.complete return_value=(b'HTTP/1.1', 200, b'OK', [(b'Content-Type', b'text/plain; charset=utf-8'), (b'Content-Length', b'349'), (b'Connection', b'keep-alive'), (b'Date', b'Mon, 01 Jun 2026 06:29:13 GMT'), (b'ETag', b'"952a9b81c0bfd99800fabf352f69c7ccd46c5e43"'), (b'X-Powered-By', b'huggingface-moon'), (b'X-Request-Id', b'Root=1-6a1d26b9-401ffac323d2e3bd613a280a;9d9c17d4-6858-408e-947f-e6f613e9b599'), (b'RateLimit', b'"resolvers";r=1669;t=219'), (b'RateLimit-Policy', b'"fixed window";"resolvers";q=3000;w=300'), (b'cross-origin-opener-policy', b'same-origin'), (b'Referrer-Policy', b'strict-origin-when-cross-origin'), (b'Access-Control-Max-Age', b'86400'), (b'Access-Control-Allow-Origin', b'https://huggingface.co'), (b'Access-Control-Expose-Headers', b'X-Repo-Commit,X-Request-Id,X-Error-Code,X-Error-Message,X-Total-Count,ETag,Link,Accept-Ranges,Content-Range,X-Linked-Size,X-Linked-ETag,X-Xet-Hash'), (b'X-Repo-Commit', b'1110a243fdf4706b3f48f1d95db1a4f5529b4d41'), (b'Accept-Ranges', b'bytes'), (b'X-Hub-Cache', b'MISS'), (b'Content-Disposition', b'inline; filename*=UTF-8\'\'modules.json; filename="modules.json";'), (b'Content-Security-Policy', b"default-src 'none'; sandbox"), (b'Vary', b'Origin'), (b'X-Cache', b'Hit from cloudfront'), (b'Via', b'1.1 98c5164a86e0d67efb9bf35971e4d56c.cloudfront.net (CloudFront)'), (b'X-Amz-Cf-Pop', b'BOM78-P10'), (b'X-Amz-Cf-Id', b'ArnyfpbpViGFmKOY-lxKHww-AqmHgx1uhEIaAcyU-E5G-lpm49N5EQ=='), (b'Age', b'1675402')])
[2026-06-20 21:37:35] httpx - INFO - HTTP Request: HEAD https://huggingface.co/api/resolve-cache/models/sentence-transformers/all-MiniLM-L6-v2/1110a243fdf4706b3f48f1d95db1a4f5529b4d41/modules.json "HTTP/1.1 200 OK"
[2026-06-20 21:37:35] httpcore.http11 - DEBUG - receive_response_body.started request=<Request [b'HEAD']>
[2026-06-20 21:37:35] httpcore.http11 - DEBUG - receive_response_body.complete
[2026-06-20 21:37:35] httpcore.http11 - DEBUG - response_closed.started
[2026-06-20 21:37:35] httpcore.http11 - DEBUG - response_closed.complete
[2026-06-20 21:37:35] httpcore.http11 - DEBUG - send_request_headers.started request=<Request [b'HEAD']>
[2026-06-20 21:37:35] httpcore.http11 - DEBUG - send_request_headers.complete
[2026-06-20 21:37:35] httpcore.http11 - DEBUG - send_request_body.started request=<Request [b'HEAD']>
[2026-06-20 21:37:35] httpcore.http11 - DEBUG - send_request_body.complete
[2026-06-20 21:37:35] httpcore.http11 - DEBUG - receive_response_headers.started request=<Request [b'HEAD']>
[2026-06-20 21:37:35] httpcore.http11 - DEBUG - receive_response_headers.complete return_value=(b'HTTP/1.1', 307, b'Temporary Redirect', [(b'Content-Type', b'text/plain; charset=utf-8'), (b'Content-Length', b'308'), (b'Connection', b'keep-alive'), (b'Date', b'Sat, 20 Jun 2026 15:52:35 GMT'), (b'Location', b'/api/resolve-cache/models/sentence-transformers/all-MiniLM-L6-v2/1110a243fdf4706b3f48f1d95db1a4f5529b4d41/sentence_bert_config.json?%2Fsentence-transformers%2Fall-MiniLM-L6-v2%2Fresolve%2Fmain%2Fsentence_bert_config.json=&etag=%2259d594003bf59880a884c574bf88ef7555bb0202%22'), (b'X-Powered-By', b'huggingface-moon'), (b'X-Request-Id', b'Root=1-6a36b743-702ffd304e4eb08f484a0839;0365a1a9-5d1e-42c0-a669-5b0006693104'), (b'RateLimit', b'"resolvers";r=2994;t=89'), (b'RateLimit-Policy', b'"fixed window";"resolvers";q=3000;w=300'), (b'cross-origin-opener-policy', b'same-origin'), (b'Referrer-Policy', b'strict-origin-when-cross-origin'), (b'Access-Control-Max-Age', b'86400'), (b'Access-Control-Allow-Origin', b'https://huggingface.co'), (b'Vary', b'Origin, Accept'), (b'Access-Control-Expose-Headers', b'X-Repo-Commit,X-Request-Id,X-Error-Code,X-Error-Message,X-Total-Count,ETag,Link,Accept-Ranges,Content-Range,X-Linked-Size,X-Linked-ETag,X-Xet-Hash'), (b'X-Repo-Commit', b'1110a243fdf4706b3f48f1d95db1a4f5529b4d41'), (b'Accept-Ranges', b'bytes'), (b'X-HF-Warning', b'unauthenticated; Warning: You are sending unauthenticated requests to the HF Hub. Please set a HF_TOKEN to enable higher rate limits and faster downloads.'), (b'X-Hub-Cache', b'HIT'), (b'Content-Disposition', b'inline; filename*=UTF-8\'\'sentence_bert_config.json; filename="sentence_bert_config.json";'), (b'Content-Security-Policy', b"default-src 'none'; sandbox"), (b'X-Linked-ETag', b'"59d594003bf59880a884c574bf88ef7555bb0202"'), (b'X-Cache', b'Miss from cloudfront'), (b'Via', b'1.1 98c5164a86e0d67efb9bf35971e4d56c.cloudfront.net (CloudFront)'), (b'X-Amz-Cf-Pop', b'BOM78-P10'), (b'X-Amz-Cf-Id', b'0edL2YQz2Q6tk9me81USjSXkvJLUYJKgI-Z1jQQQLmMdpkNF9wvT7A==')])
[2026-06-20 21:37:35] httpx - INFO - HTTP Request: HEAD https://huggingface.co/sentence-transformers/all-MiniLM-L6-v2/resolve/main/sentence_bert_config.json "HTTP/1.1 307 Temporary Redirect"
[2026-06-20 21:37:35] httpcore.http11 - DEBUG - receive_response_body.started request=<Request [b'HEAD']>
[2026-06-20 21:37:35] httpcore.http11 - DEBUG - receive_response_body.complete
[2026-06-20 21:37:35] httpcore.http11 - DEBUG - response_closed.started
[2026-06-20 21:37:35] httpcore.http11 - DEBUG - response_closed.complete
[2026-06-20 21:37:35] httpcore.http11 - DEBUG - send_request_headers.started request=<Request [b'HEAD']>
[2026-06-20 21:37:35] httpcore.http11 - DEBUG - send_request_headers.complete
[2026-06-20 21:37:35] httpcore.http11 - DEBUG - send_request_body.started request=<Request [b'HEAD']>
[2026-06-20 21:37:35] httpcore.http11 - DEBUG - send_request_body.complete
[2026-06-20 21:37:35] httpcore.http11 - DEBUG - receive_response_headers.started request=<Request [b'HEAD']>
[2026-06-20 21:37:35] httpcore.http11 - DEBUG - receive_response_headers.complete return_value=(b'HTTP/1.1', 200, b'OK', [(b'Content-Type', b'text/plain; charset=utf-8'), (b'Content-Length', b'53'), (b'Connection', b'keep-alive'), (b'Date', b'Mon, 01 Jun 2026 06:29:13 GMT'), (b'ETag', b'"59d594003bf59880a884c574bf88ef7555bb0202"'), (b'X-Powered-By', b'huggingface-moon'), (b'X-Request-Id', b'Root=1-6a1d26b9-62fd32c56d48c56939e0c14d;d58c3586-972b-41fa-b672-c9054a2c6a95'), (b'RateLimit', b'"resolvers";r=1667;t=219'), (b'RateLimit-Policy', b'"fixed window";"resolvers";q=3000;w=300'), (b'cross-origin-opener-policy', b'same-origin'), (b'Referrer-Policy', b'strict-origin-when-cross-origin'), (b'Access-Control-Max-Age', b'86400'), (b'Access-Control-Allow-Origin', b'https://huggingface.co'), (b'Access-Control-Expose-Headers', b'X-Repo-Commit,X-Request-Id,X-Error-Code,X-Error-Message,X-Total-Count,ETag,Link,Accept-Ranges,Content-Range,X-Linked-Size,X-Linked-ETag,X-Xet-Hash'), (b'X-Repo-Commit', b'1110a243fdf4706b3f48f1d95db1a4f5529b4d41'), (b'Accept-Ranges', b'bytes'), (b'X-Hub-Cache', b'MISS'), (b'Content-Disposition', b'inline; filename*=UTF-8\'\'sentence_bert_config.json; filename="sentence_bert_config.json";'), (b'Content-Security-Policy', b"default-src 'none'; sandbox"), (b'Vary', b'Origin'), (b'X-Cache', b'Hit from cloudfront'), (b'Via', b'1.1 98c5164a86e0d67efb9bf35971e4d56c.cloudfront.net (CloudFront)'), (b'X-Amz-Cf-Pop', b'BOM78-P10'), (b'X-Amz-Cf-Id', b'XvNptIvVYm5T-J2l_lpbobk1ZgM6jz616Ii0kKfhNX7EgGDIFvGVww=='), (b'Age', b'1675403')])
[2026-06-20 21:37:35] httpx - INFO - HTTP Request: HEAD https://huggingface.co/api/resolve-cache/models/sentence-transformers/all-MiniLM-L6-v2/1110a243fdf4706b3f48f1d95db1a4f5529b4d41/sentence_bert_config.json "HTTP/1.1 200 OK"
[2026-06-20 21:37:35] httpcore.http11 - DEBUG - receive_response_body.started request=<Request [b'HEAD']>
[2026-06-20 21:37:35] httpcore.http11 - DEBUG - receive_response_body.complete
[2026-06-20 21:37:35] httpcore.http11 - DEBUG - response_closed.started
[2026-06-20 21:37:35] httpcore.http11 - DEBUG - response_closed.complete
[2026-06-20 21:37:35] httpcore.http11 - DEBUG - send_request_headers.started request=<Request [b'HEAD']>
[2026-06-20 21:37:35] httpcore.http11 - DEBUG - send_request_headers.complete
[2026-06-20 21:37:35] httpcore.http11 - DEBUG - send_request_body.started request=<Request [b'HEAD']>
[2026-06-20 21:37:35] httpcore.http11 - DEBUG - send_request_body.complete
[2026-06-20 21:37:35] httpcore.http11 - DEBUG - receive_response_headers.started request=<Request [b'HEAD']>
[2026-06-20 21:37:35] httpcore.http11 - DEBUG - receive_response_headers.complete return_value=(b'HTTP/1.1', 404, b'Not Found', [(b'Content-Type', b'text/plain; charset=utf-8'), (b'Content-Length', b'15'), (b'Connection', b'keep-alive'), (b'Date', b'Sat, 20 Jun 2026 15:52:36 GMT'), (b'ETag', b'W/"f-mY2VvLxuxB7KhsoOdQTlMTccuAQ"'), (b'X-Powered-By', b'huggingface-moon'), (b'X-Request-Id', b'Root=1-6a36b744-51c4753b140a26271d32c0b2;ca1a4f96-2d8b-45be-82b2-5295c173f5be'), (b'RateLimit', b'"resolvers";r=2993;t=88'), (b'RateLimit-Policy', b'"fixed window";"resolvers";q=3000;w=300'), (b'cross-origin-opener-policy', b'same-origin'), (b'Referrer-Policy', b'strict-origin-when-cross-origin'), (b'Access-Control-Max-Age', b'86400'), (b'Access-Control-Allow-Origin', b'https://huggingface.co'), (b'Vary', b'Origin'), (b'Access-Control-Expose-Headers', b'X-Repo-Commit,X-Request-Id,X-Error-Code,X-Error-Message,X-Total-Count,ETag,Link,Accept-Ranges,Content-Range,X-Linked-Size,X-Linked-ETag,X-Xet-Hash'), (b'X-Repo-Commit', b'1110a243fdf4706b3f48f1d95db1a4f5529b4d41'), (b'Accept-Ranges', b'bytes'), (b'X-Hub-Cache', b'MISS'), (b'X-Error-Code', b'EntryNotFound'), (b'X-Error-Message', b'Entry not found'), (b'X-Cache', b'Error from cloudfront'), (b'Via', b'1.1 98c5164a86e0d67efb9bf35971e4d56c.cloudfront.net (CloudFront)'), (b'X-Amz-Cf-Pop', b'BOM78-P10'), (b'X-Amz-Cf-Id', b'W8VDt1pP6wjtWAycLpkokK7oS2QGrQDCtRhllHzIefGqUcZEKc64Aw==')])
[2026-06-20 21:37:35] httpx - INFO - HTTP Request: HEAD https://huggingface.co/sentence-transformers/all-MiniLM-L6-v2/resolve/main/adapter_config.json "HTTP/1.1 404 Not Found"
[2026-06-20 21:37:35] httpcore.http11 - DEBUG - receive_response_body.started request=<Request [b'HEAD']>
[2026-06-20 21:37:35] httpcore.http11 - DEBUG - receive_response_body.complete
[2026-06-20 21:37:35] httpcore.http11 - DEBUG - response_closed.started
[2026-06-20 21:37:35] httpcore.http11 - DEBUG - response_closed.complete
[2026-06-20 21:37:35] httpcore.http11 - DEBUG - send_request_headers.started request=<Request [b'HEAD']>
[2026-06-20 21:37:35] httpcore.http11 - DEBUG - send_request_headers.complete
[2026-06-20 21:37:35] httpcore.http11 - DEBUG - send_request_body.started request=<Request [b'HEAD']>
[2026-06-20 21:37:35] httpcore.http11 - DEBUG - send_request_body.complete
[2026-06-20 21:37:35] httpcore.http11 - DEBUG - receive_response_headers.started request=<Request [b'HEAD']>
[2026-06-20 21:37:36] httpcore.http11 - DEBUG - receive_response_headers.complete return_value=(b'HTTP/1.1', 307, b'Temporary Redirect', [(b'Content-Type', b'text/plain; charset=utf-8'), (b'Content-Length', b'280'), (b'Connection', b'keep-alive'), (b'Date', b'Sat, 20 Jun 2026 15:52:36 GMT'), (b'Location', b'/api/resolve-cache/models/sentence-transformers/all-MiniLM-L6-v2/1110a243fdf4706b3f48f1d95db1a4f5529b4d41/config.json?%2Fsentence-transformers%2Fall-MiniLM-L6-v2%2Fresolve%2Fmain%2Fconfig.json=&etag=%2272b987fd805cfa2b58c4c8c952b274a11bfd5a00%22'), (b'X-Powered-By', b'huggingface-moon'), (b'X-Request-Id', b'Root=1-6a36b744-2614c1611603763d5f49678a;14a55b0c-8e1d-4fdd-b088-cb766dd479b0'), (b'RateLimit', b'"resolvers";r=2992;t=88'), (b'RateLimit-Policy', b'"fixed window";"resolvers";q=3000;w=300'), (b'cross-origin-opener-policy', b'same-origin'), (b'Referrer-Policy', b'strict-origin-when-cross-origin'), (b'Access-Control-Max-Age', b'86400'), (b'Access-Control-Allow-Origin', b'https://huggingface.co'), (b'Vary', b'Origin, Accept'), (b'Access-Control-Expose-Headers', b'X-Repo-Commit,X-Request-Id,X-Error-Code,X-Error-Message,X-Total-Count,ETag,Link,Accept-Ranges,Content-Range,X-Linked-Size,X-Linked-ETag,X-Xet-Hash'), (b'X-Repo-Commit', b'1110a243fdf4706b3f48f1d95db1a4f5529b4d41'), (b'Accept-Ranges', b'bytes'), (b'X-HF-Warning', b'unauthenticated; Warning: You are sending unauthenticated requests to the HF Hub. Please set a HF_TOKEN to enable higher rate limits and faster downloads.'), (b'X-Hub-Cache', b'HIT'), (b'Content-Disposition', b'inline; filename*=UTF-8\'\'config.json; filename="config.json";'), (b'Content-Security-Policy', b"default-src 'none'; sandbox"), (b'X-Linked-ETag', b'"72b987fd805cfa2b58c4c8c952b274a11bfd5a00"'), (b'X-Cache', b'Miss from cloudfront'), (b'Via', b'1.1 98c5164a86e0d67efb9bf35971e4d56c.cloudfront.net (CloudFront)'), (b'X-Amz-Cf-Pop', b'BOM78-P10'), (b'X-Amz-Cf-Id', b'iH4ednpsRarUwSLwE5w3YkXvof-OVXsU9f-13TLKKoWLVg7Tx3MdXA==')])
[2026-06-20 21:37:36] httpx - INFO - HTTP Request: HEAD https://huggingface.co/sentence-transformers/all-MiniLM-L6-v2/resolve/main/config.json "HTTP/1.1 307 Temporary Redirect"
[2026-06-20 21:37:36] httpcore.http11 - DEBUG - receive_response_body.started request=<Request [b'HEAD']>
[2026-06-20 21:37:36] httpcore.http11 - DEBUG - receive_response_body.complete
[2026-06-20 21:37:36] httpcore.http11 - DEBUG - response_closed.started
[2026-06-20 21:37:36] httpcore.http11 - DEBUG - response_closed.complete
[2026-06-20 21:37:36] httpcore.http11 - DEBUG - send_request_headers.started request=<Request [b'HEAD']>
[2026-06-20 21:37:36] httpcore.http11 - DEBUG - send_request_headers.complete
[2026-06-20 21:37:36] httpcore.http11 - DEBUG - send_request_body.started request=<Request [b'HEAD']>
[2026-06-20 21:37:36] httpcore.http11 - DEBUG - send_request_body.complete
[2026-06-20 21:37:36] httpcore.http11 - DEBUG - receive_response_headers.started request=<Request [b'HEAD']>
[2026-06-20 21:37:36] httpcore.http11 - DEBUG - receive_response_headers.complete return_value=(b'HTTP/1.1', 200, b'OK', [(b'Content-Type', b'text/plain; charset=utf-8'), (b'Content-Length', b'612'), (b'Connection', b'keep-alive'), (b'Date', b'Mon, 01 Jun 2026 06:29:13 GMT'), (b'ETag', b'"72b987fd805cfa2b58c4c8c952b274a11bfd5a00"'), (b'X-Powered-By', b'huggingface-moon'), (b'X-Request-Id', b'Root=1-6a1d26b9-6cedbb9e6ebe2dae066c5d2c;a2c7e532-0dc7-4ea3-8085-aa1fbd025327'), (b'RateLimit', b'"resolvers";r=2770;t=197'), (b'RateLimit-Policy', b'"fixed window";"resolvers";q=3000;w=300'), (b'cross-origin-opener-policy', b'same-origin'), (b'Referrer-Policy', b'strict-origin-when-cross-origin'), (b'Access-Control-Max-Age', b'86400'), (b'Access-Control-Allow-Origin', b'https://huggingface.co'), (b'Access-Control-Expose-Headers', b'X-Repo-Commit,X-Request-Id,X-Error-Code,X-Error-Message,X-Total-Count,ETag,Link,Accept-Ranges,Content-Range,X-Linked-Size,X-Linked-ETag,X-Xet-Hash'), (b'X-Repo-Commit', b'1110a243fdf4706b3f48f1d95db1a4f5529b4d41'), (b'Accept-Ranges', b'bytes'), (b'X-Hub-Cache', b'MISS'), (b'Content-Disposition', b'inline; filename*=UTF-8\'\'config.json; filename="config.json";'), (b'Content-Security-Policy', b"default-src 'none'; sandbox"), (b'Vary', b'Origin'), (b'X-Cache', b'Hit from cloudfront'), (b'Via', b'1.1 98c5164a86e0d67efb9bf35971e4d56c.cloudfront.net (CloudFront)'), (b'X-Amz-Cf-Pop', b'BOM78-P10'), (b'X-Amz-Cf-Id', b'oalZz5roIT9z2C63bPobIWngdxSGJuaUmlfNZUX77JBfH-eKAoELwg=='), (b'Age', b'1675403')])
[2026-06-20 21:37:36] httpx - INFO - HTTP Request: HEAD https://huggingface.co/api/resolve-cache/models/sentence-transformers/all-MiniLM-L6-v2/1110a243fdf4706b3f48f1d95db1a4f5529b4d41/config.json "HTTP/1.1 200 OK"
[2026-06-20 21:37:36] httpcore.http11 - DEBUG - receive_response_body.started request=<Request [b'HEAD']>
[2026-06-20 21:37:36] httpcore.http11 - DEBUG - receive_response_body.complete
[2026-06-20 21:37:36] httpcore.http11 - DEBUG - response_closed.started
[2026-06-20 21:37:36] httpcore.http11 - DEBUG - response_closed.complete
[2026-06-20 21:37:36] httpcore.http11 - DEBUG - send_request_headers.started request=<Request [b'HEAD']>
[2026-06-20 21:37:36] httpcore.http11 - DEBUG - send_request_headers.complete
[2026-06-20 21:37:36] httpcore.http11 - DEBUG - send_request_body.started request=<Request [b'HEAD']>
[2026-06-20 21:37:36] httpcore.http11 - DEBUG - send_request_body.complete
[2026-06-20 21:37:36] httpcore.http11 - DEBUG - receive_response_headers.started request=<Request [b'HEAD']>
[2026-06-20 21:37:36] httpcore.http11 - DEBUG - receive_response_headers.complete return_value=(b'HTTP/1.1', 404, b'Not Found', [(b'Content-Type', b'text/plain; charset=utf-8'), (b'Content-Length', b'15'), (b'Connection', b'keep-alive'), (b'Date', b'Sat, 20 Jun 2026 15:52:37 GMT'), (b'ETag', b'W/"f-mY2VvLxuxB7KhsoOdQTlMTccuAQ"'), (b'X-Powered-By', b'huggingface-moon'), (b'X-Request-Id', b'Root=1-6a36b745-7b85421425856e4d2ffba497;af82feab-11eb-452d-801d-ffea76ba1b4a'), (b'RateLimit', b'"resolvers";r=2991;t=87'), (b'RateLimit-Policy', b'"fixed window";"resolvers";q=3000;w=300'), (b'cross-origin-opener-policy', b'same-origin'), (b'Referrer-Policy', b'strict-origin-when-cross-origin'), (b'Access-Control-Max-Age', b'86400'), (b'Access-Control-Allow-Origin', b'https://huggingface.co'), (b'Vary', b'Origin'), (b'Access-Control-Expose-Headers', b'X-Repo-Commit,X-Request-Id,X-Error-Code,X-Error-Message,X-Total-Count,ETag,Link,Accept-Ranges,Content-Range,X-Linked-Size,X-Linked-ETag,X-Xet-Hash'), (b'X-Repo-Commit', b'1110a243fdf4706b3f48f1d95db1a4f5529b4d41'), (b'Accept-Ranges', b'bytes'), (b'X-HF-Warning', b'unauthenticated; Warning: You are sending unauthenticated requests to the HF Hub. Please set a HF_TOKEN to enable higher rate limits and faster downloads.'), (b'X-Hub-Cache', b'MISS'), (b'X-Error-Code', b'EntryNotFound'), (b'X-Error-Message', b'Entry not found'), (b'X-Cache', b'Error from cloudfront'), (b'Via', b'1.1 98c5164a86e0d67efb9bf35971e4d56c.cloudfront.net (CloudFront)'), (b'X-Amz-Cf-Pop', b'BOM78-P10'), (b'X-Amz-Cf-Id', b'HuKCOLy_NWRHnzNgL7a23MC0-Bu1gUZunaa8BmiCYoLH9wKXizknyA==')])
[2026-06-20 21:37:36] httpx - INFO - HTTP Request: HEAD https://huggingface.co/sentence-transformers/all-MiniLM-L6-v2/resolve/main/processor_config.json "HTTP/1.1 404 Not Found"
[2026-06-20 21:37:36] httpcore.http11 - DEBUG - receive_response_body.started request=<Request [b'HEAD']>
[2026-06-20 21:37:36] httpcore.http11 - DEBUG - receive_response_body.complete
[2026-06-20 21:37:36] httpcore.http11 - DEBUG - response_closed.started
[2026-06-20 21:37:36] httpcore.http11 - DEBUG - response_closed.complete
[2026-06-20 21:37:36] httpcore.http11 - DEBUG - send_request_headers.started request=<Request [b'HEAD']>
[2026-06-20 21:37:36] httpcore.http11 - DEBUG - send_request_headers.complete
[2026-06-20 21:37:36] httpcore.http11 - DEBUG - send_request_body.started request=<Request [b'HEAD']>
[2026-06-20 21:37:36] httpcore.http11 - DEBUG - send_request_body.complete
[2026-06-20 21:37:36] httpcore.http11 - DEBUG - receive_response_headers.started request=<Request [b'HEAD']>
[2026-06-20 21:37:36] httpcore.http11 - DEBUG - receive_response_headers.complete return_value=(b'HTTP/1.1', 404, b'Not Found', [(b'Content-Type', b'text/plain; charset=utf-8'), (b'Content-Length', b'15'), (b'Connection', b'keep-alive'), (b'Date', b'Sat, 20 Jun 2026 15:52:37 GMT'), (b'ETag', b'W/"f-mY2VvLxuxB7KhsoOdQTlMTccuAQ"'), (b'X-Powered-By', b'huggingface-moon'), (b'X-Request-Id', b'Root=1-6a36b745-70a4245d490ba5337b6ec259;2f2d678e-f48a-45a0-beb9-1a164076c02c'), (b'RateLimit', b'"resolvers";r=2990;t=87'), (b'RateLimit-Policy', b'"fixed window";"resolvers";q=3000;w=300'), (b'cross-origin-opener-policy', b'same-origin'), (b'Referrer-Policy', b'strict-origin-when-cross-origin'), (b'Access-Control-Max-Age', b'86400'), (b'Access-Control-Allow-Origin', b'https://huggingface.co'), (b'Vary', b'Origin'), (b'Access-Control-Expose-Headers', b'X-Repo-Commit,X-Request-Id,X-Error-Code,X-Error-Message,X-Total-Count,ETag,Link,Accept-Ranges,Content-Range,X-Linked-Size,X-Linked-ETag,X-Xet-Hash'), (b'X-Repo-Commit', b'1110a243fdf4706b3f48f1d95db1a4f5529b4d41'), (b'Accept-Ranges', b'bytes'), (b'X-Hub-Cache', b'MISS'), (b'X-Error-Code', b'EntryNotFound'), (b'X-Error-Message', b'Entry not found'), (b'X-Cache', b'Error from cloudfront'), (b'Via', b'1.1 98c5164a86e0d67efb9bf35971e4d56c.cloudfront.net (CloudFront)'), (b'X-Amz-Cf-Pop', b'BOM78-P10'), (b'X-Amz-Cf-Id', b'Hj4HL3vcZYsS37cJTECRx_6iScFjggbayuWWuL6kD00Rhce94hjpbQ==')])
[2026-06-20 21:37:36] httpx - INFO - HTTP Request: HEAD https://huggingface.co/sentence-transformers/all-MiniLM-L6-v2/resolve/main/preprocessor_config.json "HTTP/1.1 404 Not Found"
[2026-06-20 21:37:36] httpcore.http11 - DEBUG - receive_response_body.started request=<Request [b'HEAD']>
[2026-06-20 21:37:36] httpcore.http11 - DEBUG - receive_response_body.complete
[2026-06-20 21:37:36] httpcore.http11 - DEBUG - response_closed.started
[2026-06-20 21:37:36] httpcore.http11 - DEBUG - response_closed.complete
[2026-06-20 21:37:36] httpcore.http11 - DEBUG - send_request_headers.started request=<Request [b'HEAD']>
[2026-06-20 21:37:36] httpcore.http11 - DEBUG - send_request_headers.complete
[2026-06-20 21:37:36] httpcore.http11 - DEBUG - send_request_body.started request=<Request [b'HEAD']>
[2026-06-20 21:37:36] httpcore.http11 - DEBUG - send_request_body.complete
[2026-06-20 21:37:36] httpcore.http11 - DEBUG - receive_response_headers.started request=<Request [b'HEAD']>
[2026-06-20 21:37:37] httpcore.http11 - DEBUG - receive_response_headers.complete return_value=(b'HTTP/1.1', 404, b'Not Found', [(b'Content-Type', b'text/plain; charset=utf-8'), (b'Content-Length', b'15'), (b'Connection', b'keep-alive'), (b'Date', b'Sat, 20 Jun 2026 15:52:37 GMT'), (b'ETag', b'W/"f-mY2VvLxuxB7KhsoOdQTlMTccuAQ"'), (b'X-Powered-By', b'huggingface-moon'), (b'X-Request-Id', b'Root=1-6a36b745-50340b7a3977850c07b05492;97ccd79f-d292-4f0b-ab04-6e1b8ca6c0f0'), (b'RateLimit', b'"resolvers";r=2989;t=87'), (b'RateLimit-Policy', b'"fixed window";"resolvers";q=3000;w=300'), (b'cross-origin-opener-policy', b'same-origin'), (b'Referrer-Policy', b'strict-origin-when-cross-origin'), (b'Access-Control-Max-Age', b'86400'), (b'Access-Control-Allow-Origin', b'https://huggingface.co'), (b'Vary', b'Origin'), (b'Access-Control-Expose-Headers', b'X-Repo-Commit,X-Request-Id,X-Error-Code,X-Error-Message,X-Total-Count,ETag,Link,Accept-Ranges,Content-Range,X-Linked-Size,X-Linked-ETag,X-Xet-Hash'), (b'X-Repo-Commit', b'1110a243fdf4706b3f48f1d95db1a4f5529b4d41'), (b'Accept-Ranges', b'bytes'), (b'X-Hub-Cache', b'MISS'), (b'X-Error-Code', b'EntryNotFound'), (b'X-Error-Message', b'Entry not found'), (b'X-Cache', b'Error from cloudfront'), (b'Via', b'1.1 98c5164a86e0d67efb9bf35971e4d56c.cloudfront.net (CloudFront)'), (b'X-Amz-Cf-Pop', b'BOM78-P10'), (b'X-Amz-Cf-Id', b'DCvW5JgCyirmsi_qViwyPsSY89SvqCw4-oduXjtuSdkUrzkjqYHocg==')])
[2026-06-20 21:37:37] httpx - INFO - HTTP Request: HEAD https://huggingface.co/sentence-transformers/all-MiniLM-L6-v2/resolve/main/video_preprocessor_config.json "HTTP/1.1 404 Not Found"
[2026-06-20 21:37:37] httpcore.http11 - DEBUG - receive_response_body.started request=<Request [b'HEAD']>
[2026-06-20 21:37:37] httpcore.http11 - DEBUG - receive_response_body.complete
[2026-06-20 21:37:37] httpcore.http11 - DEBUG - response_closed.started
[2026-06-20 21:37:37] httpcore.http11 - DEBUG - response_closed.complete
[2026-06-20 21:37:37] httpcore.http11 - DEBUG - send_request_headers.started request=<Request [b'HEAD']>
[2026-06-20 21:37:37] httpcore.http11 - DEBUG - send_request_headers.complete
[2026-06-20 21:37:37] httpcore.http11 - DEBUG - send_request_body.started request=<Request [b'HEAD']>
[2026-06-20 21:37:37] httpcore.http11 - DEBUG - send_request_body.complete
[2026-06-20 21:37:37] httpcore.http11 - DEBUG - receive_response_headers.started request=<Request [b'HEAD']>
[2026-06-20 21:37:37] httpcore.http11 - DEBUG - receive_response_headers.complete return_value=(b'HTTP/1.1', 404, b'Not Found', [(b'Content-Type', b'text/plain; charset=utf-8'), (b'Content-Length', b'15'), (b'Connection', b'keep-alive'), (b'Date', b'Sat, 20 Jun 2026 15:52:37 GMT'), (b'ETag', b'W/"f-mY2VvLxuxB7KhsoOdQTlMTccuAQ"'), (b'X-Powered-By', b'huggingface-moon'), (b'X-Request-Id', b'Root=1-6a36b745-544fb90b2c8ddbc04317bf61;a849d919-0654-4d52-9b94-b9f722582735'), (b'RateLimit', b'"resolvers";r=2988;t=87'), (b'RateLimit-Policy', b'"fixed window";"resolvers";q=3000;w=300'), (b'cross-origin-opener-policy', b'same-origin'), (b'Referrer-Policy', b'strict-origin-when-cross-origin'), (b'Access-Control-Max-Age', b'86400'), (b'Access-Control-Allow-Origin', b'https://huggingface.co'), (b'Vary', b'Origin'), (b'Access-Control-Expose-Headers', b'X-Repo-Commit,X-Request-Id,X-Error-Code,X-Error-Message,X-Total-Count,ETag,Link,Accept-Ranges,Content-Range,X-Linked-Size,X-Linked-ETag,X-Xet-Hash'), (b'X-Repo-Commit', b'1110a243fdf4706b3f48f1d95db1a4f5529b4d41'), (b'Accept-Ranges', b'bytes'), (b'X-HF-Warning', b'unauthenticated; Warning: You are sending unauthenticated requests to the HF Hub. Please set a HF_TOKEN to enable higher rate limits and faster downloads.'), (b'X-Hub-Cache', b'MISS'), (b'X-Error-Code', b'EntryNotFound'), (b'X-Error-Message', b'Entry not found'), (b'X-Cache', b'Error from cloudfront'), (b'Via', b'1.1 98c5164a86e0d67efb9bf35971e4d56c.cloudfront.net (CloudFront)'), (b'X-Amz-Cf-Pop', b'BOM78-P10'), (b'X-Amz-Cf-Id', b'vAHDxE5q2VYzpcWdmlM63wNBnSfdjwedsFY8tN6osHOAEveRgSIXbA==')])
[2026-06-20 21:37:37] httpx - INFO - HTTP Request: HEAD https://huggingface.co/sentence-transformers/all-MiniLM-L6-v2/resolve/main/preprocessor_config.json "HTTP/1.1 404 Not Found"
[2026-06-20 21:37:37] httpcore.http11 - DEBUG - receive_response_body.started request=<Request [b'HEAD']>
[2026-06-20 21:37:37] httpcore.http11 - DEBUG - receive_response_body.complete
[2026-06-20 21:37:37] httpcore.http11 - DEBUG - response_closed.started
[2026-06-20 21:37:37] httpcore.http11 - DEBUG - response_closed.complete
[2026-06-20 21:37:37] httpcore.http11 - DEBUG - send_request_headers.started request=<Request [b'HEAD']>
[2026-06-20 21:37:37] httpcore.http11 - DEBUG - send_request_headers.complete
[2026-06-20 21:37:37] httpcore.http11 - DEBUG - send_request_body.started request=<Request [b'HEAD']>
[2026-06-20 21:37:37] httpcore.http11 - DEBUG - send_request_body.complete
[2026-06-20 21:37:37] httpcore.http11 - DEBUG - receive_response_headers.started request=<Request [b'HEAD']>
[2026-06-20 21:37:37] httpcore.http11 - DEBUG - receive_response_headers.complete return_value=(b'HTTP/1.1', 307, b'Temporary Redirect', [(b'Content-Type', b'text/plain; charset=utf-8'), (b'Content-Length', b'300'), (b'Connection', b'keep-alive'), (b'Date', b'Sat, 20 Jun 2026 15:52:38 GMT'), (b'Location', b'/api/resolve-cache/models/sentence-transformers/all-MiniLM-L6-v2/1110a243fdf4706b3f48f1d95db1a4f5529b4d41/tokenizer_config.json?%2Fsentence-transformers%2Fall-MiniLM-L6-v2%2Fresolve%2Fmain%2Ftokenizer_config.json=&etag=%22c79f2b6a0cea6f4b564fed1938984bace9d30ff0%22'), (b'X-Powered-By', b'huggingface-moon'), (b'X-Request-Id', b'Root=1-6a36b746-6ed401983b2e76070c146ef2;41eabd2c-65f7-4e5d-aa77-4759c4e870f9'), (b'RateLimit', b'"resolvers";r=2987;t=86'), (b'RateLimit-Policy', b'"fixed window";"resolvers";q=3000;w=300'), (b'cross-origin-opener-policy', b'same-origin'), (b'Referrer-Policy', b'strict-origin-when-cross-origin'), (b'Access-Control-Max-Age', b'86400'), (b'Access-Control-Allow-Origin', b'https://huggingface.co'), (b'Vary', b'Origin, Accept'), (b'Access-Control-Expose-Headers', b'X-Repo-Commit,X-Request-Id,X-Error-Code,X-Error-Message,X-Total-Count,ETag,Link,Accept-Ranges,Content-Range,X-Linked-Size,X-Linked-ETag,X-Xet-Hash'), (b'X-Repo-Commit', b'1110a243fdf4706b3f48f1d95db1a4f5529b4d41'), (b'Accept-Ranges', b'bytes'), (b'X-HF-Warning', b'unauthenticated; Warning: You are sending unauthenticated requests to the HF Hub. Please set a HF_TOKEN to enable higher rate limits and faster downloads.'), (b'X-Hub-Cache', b'HIT'), (b'Content-Disposition', b'inline; filename*=UTF-8\'\'tokenizer_config.json; filename="tokenizer_config.json";'), (b'Content-Security-Policy', b"default-src 'none'; sandbox"), (b'X-Linked-ETag', b'"c79f2b6a0cea6f4b564fed1938984bace9d30ff0"'), (b'X-Cache', b'Miss from cloudfront'), (b'Via', b'1.1 98c5164a86e0d67efb9bf35971e4d56c.cloudfront.net (CloudFront)'), (b'X-Amz-Cf-Pop', b'BOM78-P10'), (b'X-Amz-Cf-Id', b'B4rvfFn63g1PN0p43v0mnutm26wIGTaz6SIiflbFbu0C8J_aNfBngg==')])
[2026-06-20 21:37:37] httpx - INFO - HTTP Request: HEAD https://huggingface.co/sentence-transformers/all-MiniLM-L6-v2/resolve/main/tokenizer_config.json "HTTP/1.1 307 Temporary Redirect"
[2026-06-20 21:37:37] httpcore.http11 - DEBUG - receive_response_body.started request=<Request [b'HEAD']>
[2026-06-20 21:37:37] httpcore.http11 - DEBUG - receive_response_body.complete
[2026-06-20 21:37:37] httpcore.http11 - DEBUG - response_closed.started
[2026-06-20 21:37:37] httpcore.http11 - DEBUG - response_closed.complete
[2026-06-20 21:37:37] httpcore.http11 - DEBUG - send_request_headers.started request=<Request [b'HEAD']>
[2026-06-20 21:37:37] httpcore.http11 - DEBUG - send_request_headers.complete
[2026-06-20 21:37:37] httpcore.http11 - DEBUG - send_request_body.started request=<Request [b'HEAD']>
[2026-06-20 21:37:37] httpcore.http11 - DEBUG - send_request_body.complete
[2026-06-20 21:37:37] httpcore.http11 - DEBUG - receive_response_headers.started request=<Request [b'HEAD']>
[2026-06-20 21:37:37] httpcore.http11 - DEBUG - receive_response_headers.complete return_value=(b'HTTP/1.1', 200, b'OK', [(b'Content-Type', b'text/plain; charset=utf-8'), (b'Content-Length', b'350'), (b'Connection', b'keep-alive'), (b'Date', b'Mon, 01 Jun 2026 06:29:13 GMT'), (b'ETag', b'"c79f2b6a0cea6f4b564fed1938984bace9d30ff0"'), (b'X-Powered-By', b'huggingface-moon'), (b'X-Request-Id', b'Root=1-6a1d26b9-3973fd0179761cf84b8cb0d4;9937d73e-673e-496d-893e-26ea1453e568'), (b'RateLimit', b'"resolvers";r=1173;t=175'), (b'RateLimit-Policy', b'"fixed window";"resolvers";q=3000;w=300'), (b'cross-origin-opener-policy', b'same-origin'), (b'Referrer-Policy', b'strict-origin-when-cross-origin'), (b'Access-Control-Max-Age', b'86400'), (b'Access-Control-Allow-Origin', b'https://huggingface.co'), (b'Access-Control-Expose-Headers', b'X-Repo-Commit,X-Request-Id,X-Error-Code,X-Error-Message,X-Total-Count,ETag,Link,Accept-Ranges,Content-Range,X-Linked-Size,X-Linked-ETag,X-Xet-Hash'), (b'X-Repo-Commit', b'1110a243fdf4706b3f48f1d95db1a4f5529b4d41'), (b'Accept-Ranges', b'bytes'), (b'X-Hub-Cache', b'MISS'), (b'Content-Disposition', b'inline; filename*=UTF-8\'\'tokenizer_config.json; filename="tokenizer_config.json";'), (b'Content-Security-Policy', b"default-src 'none'; sandbox"), (b'Vary', b'Origin'), (b'X-Cache', b'Hit from cloudfront'), (b'Via', b'1.1 98c5164a86e0d67efb9bf35971e4d56c.cloudfront.net (CloudFront)'), (b'X-Amz-Cf-Pop', b'BOM78-P10'), (b'X-Amz-Cf-Id', b'z8-TGP_73kvdqz_r-HkzthHvDH7gZjSckhAy25Dt4XgM6M1BSXZkUQ=='), (b'Age', b'1675405')])
[2026-06-20 21:37:37] httpx - INFO - HTTP Request: HEAD https://huggingface.co/api/resolve-cache/models/sentence-transformers/all-MiniLM-L6-v2/1110a243fdf4706b3f48f1d95db1a4f5529b4d41/tokenizer_config.json "HTTP/1.1 200 OK"
[2026-06-20 21:37:37] httpcore.http11 - DEBUG - receive_response_body.started request=<Request [b'HEAD']>
[2026-06-20 21:37:37] httpcore.http11 - DEBUG - receive_response_body.complete
[2026-06-20 21:37:37] httpcore.http11 - DEBUG - response_closed.started
[2026-06-20 21:37:37] httpcore.http11 - DEBUG - response_closed.complete
[2026-06-20 21:37:37] httpcore.http11 - DEBUG - send_request_headers.started request=<Request [b'HEAD']>
[2026-06-20 21:37:37] httpcore.http11 - DEBUG - send_request_headers.complete
[2026-06-20 21:37:37] httpcore.http11 - DEBUG - send_request_body.started request=<Request [b'HEAD']>
[2026-06-20 21:37:37] httpcore.http11 - DEBUG - send_request_body.complete
[2026-06-20 21:37:37] httpcore.http11 - DEBUG - receive_response_headers.started request=<Request [b'HEAD']>
[2026-06-20 21:37:37] httpcore.http11 - DEBUG - receive_response_headers.complete return_value=(b'HTTP/1.1', 307, b'Temporary Redirect', [(b'Content-Type', b'text/plain; charset=utf-8'), (b'Content-Length', b'280'), (b'Connection', b'keep-alive'), (b'Date', b'Sat, 20 Jun 2026 15:52:38 GMT'), (b'Location', b'/api/resolve-cache/models/sentence-transformers/all-MiniLM-L6-v2/1110a243fdf4706b3f48f1d95db1a4f5529b4d41/config.json?%2Fsentence-transformers%2Fall-MiniLM-L6-v2%2Fresolve%2Fmain%2Fconfig.json=&etag=%2272b987fd805cfa2b58c4c8c952b274a11bfd5a00%22'), (b'X-Powered-By', b'huggingface-moon'), (b'X-Request-Id', b'Root=1-6a36b746-30475cea10acc0e4332c64ba;1a67571d-6019-4c5f-af7f-d24b9308fc28'), (b'RateLimit', b'"resolvers";r=2986;t=86'), (b'RateLimit-Policy', b'"fixed window";"resolvers";q=3000;w=300'), (b'cross-origin-opener-policy', b'same-origin'), (b'Referrer-Policy', b'strict-origin-when-cross-origin'), (b'Access-Control-Max-Age', b'86400'), (b'Access-Control-Allow-Origin', b'https://huggingface.co'), (b'Vary', b'Origin, Accept'), (b'Access-Control-Expose-Headers', b'X-Repo-Commit,X-Request-Id,X-Error-Code,X-Error-Message,X-Total-Count,ETag,Link,Accept-Ranges,Content-Range,X-Linked-Size,X-Linked-ETag,X-Xet-Hash'), (b'X-Repo-Commit', b'1110a243fdf4706b3f48f1d95db1a4f5529b4d41'), (b'Accept-Ranges', b'bytes'), (b'X-Hub-Cache', b'HIT'), (b'Content-Disposition', b'inline; filename*=UTF-8\'\'config.json; filename="config.json";'), (b'Content-Security-Policy', b"default-src 'none'; sandbox"), (b'X-Linked-ETag', b'"72b987fd805cfa2b58c4c8c952b274a11bfd5a00"'), (b'X-Cache', b'Miss from cloudfront'), (b'Via', b'1.1 98c5164a86e0d67efb9bf35971e4d56c.cloudfront.net (CloudFront)'), (b'X-Amz-Cf-Pop', b'BOM78-P10'), (b'X-Amz-Cf-Id', b'XJY-mT6o3Fj3jVwQBz4PoLFeCMc8-rSuD-MAlqzhJVavEvZFPW3YAg==')])
[2026-06-20 21:37:37] httpx - INFO - HTTP Request: HEAD https://huggingface.co/sentence-transformers/all-MiniLM-L6-v2/resolve/main/config.json "HTTP/1.1 307 Temporary Redirect"
[2026-06-20 21:37:37] httpcore.http11 - DEBUG - receive_response_body.started request=<Request [b'HEAD']>
[2026-06-20 21:37:37] httpcore.http11 - DEBUG - receive_response_body.complete
[2026-06-20 21:37:37] httpcore.http11 - DEBUG - response_closed.started
[2026-06-20 21:37:37] httpcore.http11 - DEBUG - response_closed.complete
[2026-06-20 21:37:37] httpcore.http11 - DEBUG - send_request_headers.started request=<Request [b'HEAD']>
[2026-06-20 21:37:37] httpcore.http11 - DEBUG - send_request_headers.complete
[2026-06-20 21:37:37] httpcore.http11 - DEBUG - send_request_body.started request=<Request [b'HEAD']>
[2026-06-20 21:37:37] httpcore.http11 - DEBUG - send_request_body.complete
[2026-06-20 21:37:37] httpcore.http11 - DEBUG - receive_response_headers.started request=<Request [b'HEAD']>
[2026-06-20 21:37:38] httpcore.http11 - DEBUG - receive_response_headers.complete return_value=(b'HTTP/1.1', 200, b'OK', [(b'Content-Type', b'text/plain; charset=utf-8'), (b'Content-Length', b'612'), (b'Connection', b'keep-alive'), (b'Date', b'Mon, 01 Jun 2026 06:29:13 GMT'), (b'ETag', b'"72b987fd805cfa2b58c4c8c952b274a11bfd5a00"'), (b'X-Powered-By', b'huggingface-moon'), (b'X-Request-Id', b'Root=1-6a1d26b9-6cedbb9e6ebe2dae066c5d2c;a2c7e532-0dc7-4ea3-8085-aa1fbd025327'), (b'RateLimit', b'"resolvers";r=2770;t=197'), (b'RateLimit-Policy', b'"fixed window";"resolvers";q=3000;w=300'), (b'cross-origin-opener-policy', b'same-origin'), (b'Referrer-Policy', b'strict-origin-when-cross-origin'), (b'Access-Control-Max-Age', b'86400'), (b'Access-Control-Allow-Origin', b'https://huggingface.co'), (b'Access-Control-Expose-Headers', b'X-Repo-Commit,X-Request-Id,X-Error-Code,X-Error-Message,X-Total-Count,ETag,Link,Accept-Ranges,Content-Range,X-Linked-Size,X-Linked-ETag,X-Xet-Hash'), (b'X-Repo-Commit', b'1110a243fdf4706b3f48f1d95db1a4f5529b4d41'), (b'Accept-Ranges', b'bytes'), (b'X-Hub-Cache', b'MISS'), (b'Content-Disposition', b'inline; filename*=UTF-8\'\'config.json; filename="config.json";'), (b'Content-Security-Policy', b"default-src 'none'; sandbox"), (b'Vary', b'Origin'), (b'X-Cache', b'Hit from cloudfront'), (b'Via', b'1.1 98c5164a86e0d67efb9bf35971e4d56c.cloudfront.net (CloudFront)'), (b'X-Amz-Cf-Pop', b'BOM78-P10'), (b'X-Amz-Cf-Id', b'Os9MKGKXTS06MUp5NVTfrcMlqjF75wLvoJTKqRkmYD_o9NwyXYr7bQ=='), (b'Age', b'1675405')])
[2026-06-20 21:37:38] httpx - INFO - HTTP Request: HEAD https://huggingface.co/api/resolve-cache/models/sentence-transformers/all-MiniLM-L6-v2/1110a243fdf4706b3f48f1d95db1a4f5529b4d41/config.json "HTTP/1.1 200 OK"
[2026-06-20 21:37:38] httpcore.http11 - DEBUG - receive_response_body.started request=<Request [b'HEAD']>
[2026-06-20 21:37:38] httpcore.http11 - DEBUG - receive_response_body.complete
[2026-06-20 21:37:38] httpcore.http11 - DEBUG - response_closed.started
[2026-06-20 21:37:38] httpcore.http11 - DEBUG - response_closed.complete
[2026-06-20 21:37:38] httpcore.http11 - DEBUG - send_request_headers.started request=<Request [b'HEAD']>
[2026-06-20 21:37:38] httpcore.http11 - DEBUG - send_request_headers.complete
[2026-06-20 21:37:38] httpcore.http11 - DEBUG - send_request_body.started request=<Request [b'HEAD']>
[2026-06-20 21:37:38] httpcore.http11 - DEBUG - send_request_body.complete
[2026-06-20 21:37:38] httpcore.http11 - DEBUG - receive_response_headers.started request=<Request [b'HEAD']>
[2026-06-20 21:37:38] httpcore.http11 - DEBUG - receive_response_headers.complete return_value=(b'HTTP/1.1', 307, b'Temporary Redirect', [(b'Content-Type', b'text/plain; charset=utf-8'), (b'Content-Length', b'280'), (b'Connection', b'keep-alive'), (b'Date', b'Sat, 20 Jun 2026 15:52:38 GMT'), (b'Location', b'/api/resolve-cache/models/sentence-transformers/all-MiniLM-L6-v2/1110a243fdf4706b3f48f1d95db1a4f5529b4d41/config.json?%2Fsentence-transformers%2Fall-MiniLM-L6-v2%2Fresolve%2Fmain%2Fconfig.json=&etag=%2272b987fd805cfa2b58c4c8c952b274a11bfd5a00%22'), (b'X-Powered-By', b'huggingface-moon'), (b'X-Request-Id', b'Root=1-6a36b746-453da7ec290dfce16fb5f980;98add9db-97c3-4021-b5f5-751c01e0c0b6'), (b'RateLimit', b'"resolvers";r=2985;t=86'), (b'RateLimit-Policy', b'"fixed window";"resolvers";q=3000;w=300'), (b'cross-origin-opener-policy', b'same-origin'), (b'Referrer-Policy', b'strict-origin-when-cross-origin'), (b'Access-Control-Max-Age', b'86400'), (b'Access-Control-Allow-Origin', b'https://huggingface.co'), (b'Vary', b'Origin, Accept'), (b'Access-Control-Expose-Headers', b'X-Repo-Commit,X-Request-Id,X-Error-Code,X-Error-Message,X-Total-Count,ETag,Link,Accept-Ranges,Content-Range,X-Linked-Size,X-Linked-ETag,X-Xet-Hash'), (b'X-Repo-Commit', b'1110a243fdf4706b3f48f1d95db1a4f5529b4d41'), (b'Accept-Ranges', b'bytes'), (b'X-Hub-Cache', b'HIT'), (b'Content-Disposition', b'inline; filename*=UTF-8\'\'config.json; filename="config.json";'), (b'Content-Security-Policy', b"default-src 'none'; sandbox"), (b'X-Linked-ETag', b'"72b987fd805cfa2b58c4c8c952b274a11bfd5a00"'), (b'X-Cache', b'Miss from cloudfront'), (b'Via', b'1.1 98c5164a86e0d67efb9bf35971e4d56c.cloudfront.net (CloudFront)'), (b'X-Amz-Cf-Pop', b'BOM78-P10'), (b'X-Amz-Cf-Id', b'tlpAR48LAR0w6c57UXbpnAIAARkwKdLE9Guzu2FmT9EEEZtC4K1_Ew==')])
[2026-06-20 21:37:38] httpx - INFO - HTTP Request: HEAD https://huggingface.co/sentence-transformers/all-MiniLM-L6-v2/resolve/main/config.json "HTTP/1.1 307 Temporary Redirect"
[2026-06-20 21:37:38] httpcore.http11 - DEBUG - receive_response_body.started request=<Request [b'HEAD']>
[2026-06-20 21:37:38] httpcore.http11 - DEBUG - receive_response_body.complete
[2026-06-20 21:37:38] httpcore.http11 - DEBUG - response_closed.started
[2026-06-20 21:37:38] httpcore.http11 - DEBUG - response_closed.complete
[2026-06-20 21:37:38] httpcore.http11 - DEBUG - send_request_headers.started request=<Request [b'HEAD']>
[2026-06-20 21:37:38] httpcore.http11 - DEBUG - send_request_headers.complete
[2026-06-20 21:37:38] httpcore.http11 - DEBUG - send_request_body.started request=<Request [b'HEAD']>
[2026-06-20 21:37:38] httpcore.http11 - DEBUG - send_request_body.complete
[2026-06-20 21:37:38] httpcore.http11 - DEBUG - receive_response_headers.started request=<Request [b'HEAD']>
[2026-06-20 21:37:38] httpcore.http11 - DEBUG - receive_response_headers.complete return_value=(b'HTTP/1.1', 200, b'OK', [(b'Content-Type', b'text/plain; charset=utf-8'), (b'Content-Length', b'612'), (b'Connection', b'keep-alive'), (b'Date', b'Mon, 01 Jun 2026 06:29:13 GMT'), (b'ETag', b'"72b987fd805cfa2b58c4c8c952b274a11bfd5a00"'), (b'X-Powered-By', b'huggingface-moon'), (b'X-Request-Id', b'Root=1-6a1d26b9-6cedbb9e6ebe2dae066c5d2c;a2c7e532-0dc7-4ea3-8085-aa1fbd025327'), (b'RateLimit', b'"resolvers";r=2770;t=197'), (b'RateLimit-Policy', b'"fixed window";"resolvers";q=3000;w=300'), (b'cross-origin-opener-policy', b'same-origin'), (b'Referrer-Policy', b'strict-origin-when-cross-origin'), (b'Access-Control-Max-Age', b'86400'), (b'Access-Control-Allow-Origin', b'https://huggingface.co'), (b'Access-Control-Expose-Headers', b'X-Repo-Commit,X-Request-Id,X-Error-Code,X-Error-Message,X-Total-Count,ETag,Link,Accept-Ranges,Content-Range,X-Linked-Size,X-Linked-ETag,X-Xet-Hash'), (b'X-Repo-Commit', b'1110a243fdf4706b3f48f1d95db1a4f5529b4d41'), (b'Accept-Ranges', b'bytes'), (b'X-Hub-Cache', b'MISS'), (b'Content-Disposition', b'inline; filename*=UTF-8\'\'config.json; filename="config.json";'), (b'Content-Security-Policy', b"default-src 'none'; sandbox"), (b'Vary', b'Origin'), (b'X-Cache', b'Hit from cloudfront'), (b'Via', b'1.1 98c5164a86e0d67efb9bf35971e4d56c.cloudfront.net (CloudFront)'), (b'X-Amz-Cf-Pop', b'BOM78-P10'), (b'X-Amz-Cf-Id', b'XF2uI27BcR-ugecUXQqU5IhIJSr1mme64OthvYxYypeJGCeaTo9weA=='), (b'Age', b'1675405')])
[2026-06-20 21:37:38] httpx - INFO - HTTP Request: HEAD https://huggingface.co/api/resolve-cache/models/sentence-transformers/all-MiniLM-L6-v2/1110a243fdf4706b3f48f1d95db1a4f5529b4d41/config.json "HTTP/1.1 200 OK"
[2026-06-20 21:37:38] httpcore.http11 - DEBUG - receive_response_body.started request=<Request [b'HEAD']>
[2026-06-20 21:37:38] httpcore.http11 - DEBUG - receive_response_body.complete
[2026-06-20 21:37:38] httpcore.http11 - DEBUG - response_closed.started
[2026-06-20 21:37:38] httpcore.http11 - DEBUG - response_closed.complete
[2026-06-20 21:37:38] httpcore.http11 - DEBUG - send_request_headers.started request=<Request [b'HEAD']>
[2026-06-20 21:37:38] httpcore.http11 - DEBUG - send_request_headers.complete
[2026-06-20 21:37:38] httpcore.http11 - DEBUG - send_request_body.started request=<Request [b'HEAD']>
[2026-06-20 21:37:38] httpcore.http11 - DEBUG - send_request_body.complete
[2026-06-20 21:37:38] httpcore.http11 - DEBUG - receive_response_headers.started request=<Request [b'HEAD']>
[2026-06-20 21:37:38] httpcore.http11 - DEBUG - receive_response_headers.complete return_value=(b'HTTP/1.1', 307, b'Temporary Redirect', [(b'Content-Type', b'text/plain; charset=utf-8'), (b'Content-Length', b'300'), (b'Connection', b'keep-alive'), (b'Date', b'Sat, 20 Jun 2026 15:52:39 GMT'), (b'Location', b'/api/resolve-cache/models/sentence-transformers/all-MiniLM-L6-v2/1110a243fdf4706b3f48f1d95db1a4f5529b4d41/tokenizer_config.json?%2Fsentence-transformers%2Fall-MiniLM-L6-v2%2Fresolve%2Fmain%2Ftokenizer_config.json=&etag=%22c79f2b6a0cea6f4b564fed1938984bace9d30ff0%22'), (b'X-Powered-By', b'huggingface-moon'), (b'X-Request-Id', b'Root=1-6a36b747-350b0cf11d1a5b072fa19566;7866fecc-7e06-4940-ab4d-3106fa99b675'), (b'RateLimit', b'"resolvers";r=2984;t=85'), (b'RateLimit-Policy', b'"fixed window";"resolvers";q=3000;w=300'), (b'cross-origin-opener-policy', b'same-origin'), (b'Referrer-Policy', b'strict-origin-when-cross-origin'), (b'Access-Control-Max-Age', b'86400'), (b'Access-Control-Allow-Origin', b'https://huggingface.co'), (b'Vary', b'Origin, Accept'), (b'Access-Control-Expose-Headers', b'X-Repo-Commit,X-Request-Id,X-Error-Code,X-Error-Message,X-Total-Count,ETag,Link,Accept-Ranges,Content-Range,X-Linked-Size,X-Linked-ETag,X-Xet-Hash'), (b'X-Repo-Commit', b'1110a243fdf4706b3f48f1d95db1a4f5529b4d41'), (b'Accept-Ranges', b'bytes'), (b'X-HF-Warning', b'unauthenticated; Warning: You are sending unauthenticated requests to the HF Hub. Please set a HF_TOKEN to enable higher rate limits and faster downloads.'), (b'X-Hub-Cache', b'HIT'), (b'Content-Disposition', b'inline; filename*=UTF-8\'\'tokenizer_config.json; filename="tokenizer_config.json";'), (b'Content-Security-Policy', b"default-src 'none'; sandbox"), (b'X-Linked-ETag', b'"c79f2b6a0cea6f4b564fed1938984bace9d30ff0"'), (b'X-Cache', b'Miss from cloudfront'), (b'Via', b'1.1 98c5164a86e0d67efb9bf35971e4d56c.cloudfront.net (CloudFront)'), (b'X-Amz-Cf-Pop', b'BOM78-P10'), (b'X-Amz-Cf-Id', b'qclmhbyncM2BkkG9-bEze87zYsFBqZeDhvZww2zF-4uogoce_ezaaA==')])
[2026-06-20 21:37:38] httpx - INFO - HTTP Request: HEAD https://huggingface.co/sentence-transformers/all-MiniLM-L6-v2/resolve/main/tokenizer_config.json "HTTP/1.1 307 Temporary Redirect"
[2026-06-20 21:37:38] httpcore.http11 - DEBUG - receive_response_body.started request=<Request [b'HEAD']>
[2026-06-20 21:37:38] httpcore.http11 - DEBUG - receive_response_body.complete
[2026-06-20 21:37:38] httpcore.http11 - DEBUG - response_closed.started
[2026-06-20 21:37:38] httpcore.http11 - DEBUG - response_closed.complete
[2026-06-20 21:37:38] httpcore.http11 - DEBUG - send_request_headers.started request=<Request [b'HEAD']>
[2026-06-20 21:37:38] httpcore.http11 - DEBUG - send_request_headers.complete
[2026-06-20 21:37:38] httpcore.http11 - DEBUG - send_request_body.started request=<Request [b'HEAD']>
[2026-06-20 21:37:38] httpcore.http11 - DEBUG - send_request_body.complete
[2026-06-20 21:37:38] httpcore.http11 - DEBUG - receive_response_headers.started request=<Request [b'HEAD']>
[2026-06-20 21:37:38] httpcore.http11 - DEBUG - receive_response_headers.complete return_value=(b'HTTP/1.1', 200, b'OK', [(b'Content-Type', b'text/plain; charset=utf-8'), (b'Content-Length', b'350'), (b'Connection', b'keep-alive'), (b'Date', b'Mon, 01 Jun 2026 06:29:13 GMT'), (b'ETag', b'"c79f2b6a0cea6f4b564fed1938984bace9d30ff0"'), (b'X-Powered-By', b'huggingface-moon'), (b'X-Request-Id', b'Root=1-6a1d26b9-3973fd0179761cf84b8cb0d4;9937d73e-673e-496d-893e-26ea1453e568'), (b'RateLimit', b'"resolvers";r=1173;t=175'), (b'RateLimit-Policy', b'"fixed window";"resolvers";q=3000;w=300'), (b'cross-origin-opener-policy', b'same-origin'), (b'Referrer-Policy', b'strict-origin-when-cross-origin'), (b'Access-Control-Max-Age', b'86400'), (b'Access-Control-Allow-Origin', b'https://huggingface.co'), (b'Access-Control-Expose-Headers', b'X-Repo-Commit,X-Request-Id,X-Error-Code,X-Error-Message,X-Total-Count,ETag,Link,Accept-Ranges,Content-Range,X-Linked-Size,X-Linked-ETag,X-Xet-Hash'), (b'X-Repo-Commit', b'1110a243fdf4706b3f48f1d95db1a4f5529b4d41'), (b'Accept-Ranges', b'bytes'), (b'X-Hub-Cache', b'MISS'), (b'Content-Disposition', b'inline; filename*=UTF-8\'\'tokenizer_config.json; filename="tokenizer_config.json";'), (b'Content-Security-Policy', b"default-src 'none'; sandbox"), (b'Vary', b'Origin'), (b'X-Cache', b'Hit from cloudfront'), (b'Via', b'1.1 98c5164a86e0d67efb9bf35971e4d56c.cloudfront.net (CloudFront)'), (b'X-Amz-Cf-Pop', b'BOM78-P10'), (b'X-Amz-Cf-Id', b'9Im6wnuR93COusOwhWMKbwL3aOsOa7McqKt3BMnO3nQZE7bsSvQ1sA=='), (b'Age', b'1675406')])
[2026-06-20 21:37:38] httpx - INFO - HTTP Request: HEAD https://huggingface.co/api/resolve-cache/models/sentence-transformers/all-MiniLM-L6-v2/1110a243fdf4706b3f48f1d95db1a4f5529b4d41/tokenizer_config.json "HTTP/1.1 200 OK"
[2026-06-20 21:37:38] httpcore.http11 - DEBUG - receive_response_body.started request=<Request [b'HEAD']>
[2026-06-20 21:37:38] httpcore.http11 - DEBUG - receive_response_body.complete
[2026-06-20 21:37:38] httpcore.http11 - DEBUG - response_closed.started
[2026-06-20 21:37:38] httpcore.http11 - DEBUG - response_closed.complete
[2026-06-20 21:37:38] httpcore.http11 - DEBUG - send_request_headers.started request=<Request [b'GET']>
[2026-06-20 21:37:38] httpcore.http11 - DEBUG - send_request_headers.complete
[2026-06-20 21:37:38] httpcore.http11 - DEBUG - send_request_body.started request=<Request [b'GET']>
[2026-06-20 21:37:38] httpcore.http11 - DEBUG - send_request_body.complete
[2026-06-20 21:37:38] httpcore.http11 - DEBUG - receive_response_headers.started request=<Request [b'GET']>
[2026-06-20 21:37:38] httpcore.http11 - DEBUG - receive_response_headers.complete return_value=(b'HTTP/1.1', 404, b'Not Found', [(b'Content-Type', b'application/json; charset=utf-8'), (b'Content-Length', b'64'), (b'Connection', b'keep-alive'), (b'Date', b'Sat, 20 Jun 2026 15:52:39 GMT'), (b'ETag', b'W/"40-09f9IAqP13xarAhQxFS2W8rvRkM"'), (b'X-Powered-By', b'huggingface-moon'), (b'X-Request-Id', b'Root=1-6a36b747-69900c02291e3977343635bd;bab8d035-b308-4b60-80aa-7564be5c57a8'), (b'RateLimit', b'"api";r=499;t=85'), (b'RateLimit-Policy', b'"fixed window";"api";q=500;w=300'), (b'cross-origin-opener-policy', b'same-origin'), (b'Referrer-Policy', b'strict-origin-when-cross-origin'), (b'Access-Control-Max-Age', b'86400'), (b'Access-Control-Allow-Origin', b'https://huggingface.co'), (b'Vary', b'Origin'), (b'Access-Control-Expose-Headers', b'X-Repo-Commit,X-Request-Id,X-Error-Code,X-Error-Message,X-Total-Count,ETag,Link,Accept-Ranges,Content-Range,X-Linked-Size,X-Linked-ETag,X-Xet-Hash'), (b'X-Error-Code', b'EntryNotFound'), (b'X-Error-Message', b'additional_chat_templates does not exist on "main"'), (b'X-Cache', b'Error from cloudfront'), (b'Via', b'1.1 98c5164a86e0d67efb9bf35971e4d56c.cloudfront.net (CloudFront)'), (b'X-Amz-Cf-Pop', b'BOM78-P10'), (b'X-Amz-Cf-Id', b'P7MT8pfpGEyDXGuZIQ1Dmlkt7NdlOe-vY9vrqUA5-VJdpLcqO6fGCg==')])
[2026-06-20 21:37:38] httpx - INFO - HTTP Request: GET https://huggingface.co/api/models/sentence-transformers/all-MiniLM-L6-v2/tree/main/additional_chat_templates?recursive=false&expand=false "HTTP/1.1 404 Not Found"
[2026-06-20 21:37:38] httpcore.http11 - DEBUG - receive_response_body.started request=<Request [b'GET']>
[2026-06-20 21:37:38] httpcore.http11 - DEBUG - receive_response_body.complete
[2026-06-20 21:37:38] httpcore.http11 - DEBUG - response_closed.started
[2026-06-20 21:37:38] httpcore.http11 - DEBUG - response_closed.complete
[2026-06-20 21:37:38] httpcore.http11 - DEBUG - send_request_headers.started request=<Request [b'GET']>
[2026-06-20 21:37:38] httpcore.http11 - DEBUG - send_request_headers.complete
[2026-06-20 21:37:38] httpcore.http11 - DEBUG - send_request_body.started request=<Request [b'GET']>
[2026-06-20 21:37:38] httpcore.http11 - DEBUG - send_request_body.complete
[2026-06-20 21:37:38] httpcore.http11 - DEBUG - receive_response_headers.started request=<Request [b'GET']>
[2026-06-20 21:37:39] httpcore.http11 - DEBUG - receive_response_headers.complete return_value=(b'HTTP/1.1', 200, b'OK', [(b'Content-Type', b'application/json; charset=utf-8'), (b'Transfer-Encoding', b'chunked'), (b'Connection', b'keep-alive'), (b'Date', b'Sat, 20 Jun 2026 15:52:39 GMT'), (b'content-encoding', b'gzip'), (b'ETag', b'W/"1941-hVCCg8o6+Z9eHy795jGmhiAD0to"'), (b'X-Powered-By', b'huggingface-moon'), (b'X-Request-Id', b'Root=1-6a36b747-0a18e504609d72f401e62a34;28d6c419-ea0f-4523-88cb-c496b3437c57'), (b'RateLimit', b'"api";r=498;t=85'), (b'RateLimit-Policy', b'"fixed window";"api";q=500;w=300'), (b'cross-origin-opener-policy', b'same-origin'), (b'Referrer-Policy', b'strict-origin-when-cross-origin'), (b'Access-Control-Max-Age', b'86400'), (b'Access-Control-Allow-Origin', b'https://huggingface.co'), (b'Vary', b'Origin'), (b'vary', b'Accept-Encoding'), (b'Access-Control-Expose-Headers', b'X-Repo-Commit,X-Request-Id,X-Error-Code,X-Error-Message,X-Total-Count,ETag,Link,Accept-Ranges,Content-Range,X-Linked-Size,X-Linked-ETag,X-Xet-Hash'), (b'X-Cache', b'Miss from cloudfront'), (b'Via', b'1.1 98c5164a86e0d67efb9bf35971e4d56c.cloudfront.net (CloudFront)'), (b'X-Amz-Cf-Pop', b'BOM78-P10'), (b'X-Amz-Cf-Id', b'5iZxSTGRaIp2F1X2M6sfmrwQqGpjbrrzVOhM9SLVl025LzGArfgT2Q==')])
[2026-06-20 21:37:39] httpx - INFO - HTTP Request: GET https://huggingface.co/api/models/sentence-transformers/all-MiniLM-L6-v2/tree/main?recursive=true&expand=false "HTTP/1.1 200 OK"
[2026-06-20 21:37:39] httpcore.http11 - DEBUG - receive_response_body.started request=<Request [b'GET']>
[2026-06-20 21:37:39] httpcore.http11 - DEBUG - receive_response_body.complete
[2026-06-20 21:37:39] httpcore.http11 - DEBUG - response_closed.started
[2026-06-20 21:37:39] httpcore.http11 - DEBUG - response_closed.complete
[2026-06-20 21:37:39] sentence_transformers.base.modules.transformer - DEBUG - Active modality config: {'text': {'method': 'forward', 'method_output_name': 'last_hidden_state'}}
[2026-06-20 21:37:39] httpcore.http11 - DEBUG - send_request_headers.started request=<Request [b'HEAD']>
[2026-06-20 21:37:39] httpcore.http11 - DEBUG - send_request_headers.complete
[2026-06-20 21:37:39] httpcore.http11 - DEBUG - send_request_body.started request=<Request [b'HEAD']>
[2026-06-20 21:37:39] httpcore.http11 - DEBUG - send_request_body.complete
[2026-06-20 21:37:39] httpcore.http11 - DEBUG - receive_response_headers.started request=<Request [b'HEAD']>
[2026-06-20 21:37:39] httpcore.http11 - DEBUG - receive_response_headers.complete return_value=(b'HTTP/1.1', 307, b'Temporary Redirect', [(b'Content-Type', b'text/plain; charset=utf-8'), (b'Content-Length', b'304'), (b'Connection', b'keep-alive'), (b'Date', b'Sat, 20 Jun 2026 15:52:39 GMT'), (b'Location', b'/api/resolve-cache/models/sentence-transformers/all-MiniLM-L6-v2/1110a243fdf4706b3f48f1d95db1a4f5529b4d41/1_Pooling%2Fconfig.json?%2Fsentence-transformers%2Fall-MiniLM-L6-v2%2Fresolve%2Fmain%2F1_Pooling%2Fconfig.json=&etag=%22d1514c3162bbe87b343f565fadc62e6c06f04f03%22'), (b'X-Powered-By', b'huggingface-moon'), (b'X-Request-Id', b'Root=1-6a36b747-00a8c19b28803e6b53c95099;3ed28fd7-2156-42af-aeb7-c17494954eab'), (b'RateLimit', b'"resolvers";r=2983;t=85'), (b'RateLimit-Policy', b'"fixed window";"resolvers";q=3000;w=300'), (b'cross-origin-opener-policy', b'same-origin'), (b'Referrer-Policy', b'strict-origin-when-cross-origin'), (b'Access-Control-Max-Age', b'86400'), (b'Access-Control-Allow-Origin', b'https://huggingface.co'), (b'Vary', b'Origin, Accept'), (b'Access-Control-Expose-Headers', b'X-Repo-Commit,X-Request-Id,X-Error-Code,X-Error-Message,X-Total-Count,ETag,Link,Accept-Ranges,Content-Range,X-Linked-Size,X-Linked-ETag,X-Xet-Hash'), (b'X-Repo-Commit', b'1110a243fdf4706b3f48f1d95db1a4f5529b4d41'), (b'Accept-Ranges', b'bytes'), (b'X-HF-Warning', b'unauthenticated; Warning: You are sending unauthenticated requests to the HF Hub. Please set a HF_TOKEN to enable higher rate limits and faster downloads.'), (b'X-Hub-Cache', b'HIT'), (b'Content-Disposition', b'inline; filename*=UTF-8\'\'config.json; filename="config.json";'), (b'Content-Security-Policy', b"default-src 'none'; sandbox"), (b'X-Linked-ETag', b'"d1514c3162bbe87b343f565fadc62e6c06f04f03"'), (b'X-Cache', b'Miss from cloudfront'), (b'Via', b'1.1 98c5164a86e0d67efb9bf35971e4d56c.cloudfront.net (CloudFront)'), (b'X-Amz-Cf-Pop', b'BOM78-P10'), (b'X-Amz-Cf-Id', b'f2EAg0e9eugYC-q7Q4FFWVuYUCjMvx1OYu5DSJ9T-X9BQtxegqeYzw==')])
[2026-06-20 21:37:39] httpx - INFO - HTTP Request: HEAD https://huggingface.co/sentence-transformers/all-MiniLM-L6-v2/resolve/main/1_Pooling/config.json "HTTP/1.1 307 Temporary Redirect"
[2026-06-20 21:37:39] httpcore.http11 - DEBUG - receive_response_body.started request=<Request [b'HEAD']>
[2026-06-20 21:37:39] httpcore.http11 - DEBUG - receive_response_body.complete
[2026-06-20 21:37:39] httpcore.http11 - DEBUG - response_closed.started
[2026-06-20 21:37:39] httpcore.http11 - DEBUG - response_closed.complete
[2026-06-20 21:37:39] httpcore.http11 - DEBUG - send_request_headers.started request=<Request [b'HEAD']>
[2026-06-20 21:37:39] httpcore.http11 - DEBUG - send_request_headers.complete
[2026-06-20 21:37:39] httpcore.http11 - DEBUG - send_request_body.started request=<Request [b'HEAD']>
[2026-06-20 21:37:39] httpcore.http11 - DEBUG - send_request_body.complete
[2026-06-20 21:37:39] httpcore.http11 - DEBUG - receive_response_headers.started request=<Request [b'HEAD']>
[2026-06-20 21:37:39] httpcore.http11 - DEBUG - receive_response_headers.complete return_value=(b'HTTP/1.1', 200, b'OK', [(b'Content-Type', b'text/plain; charset=utf-8'), (b'Content-Length', b'190'), (b'Connection', b'keep-alive'), (b'Date', b'Mon, 01 Jun 2026 06:29:13 GMT'), (b'ETag', b'"d1514c3162bbe87b343f565fadc62e6c06f04f03"'), (b'X-Powered-By', b'huggingface-moon'), (b'X-Request-Id', b'Root=1-6a1d26b9-1525c2365950708711bc5cab;638c20cf-be85-4ac7-9147-ce630fd678f4'), (b'RateLimit', b'"resolvers";r=2867;t=179'), (b'RateLimit-Policy', b'"fixed window";"resolvers";q=3000;w=300'), (b'cross-origin-opener-policy', b'same-origin'), (b'Referrer-Policy', b'strict-origin-when-cross-origin'), (b'Access-Control-Max-Age', b'86400'), (b'Access-Control-Allow-Origin', b'https://huggingface.co'), (b'Access-Control-Expose-Headers', b'X-Repo-Commit,X-Request-Id,X-Error-Code,X-Error-Message,X-Total-Count,ETag,Link,Accept-Ranges,Content-Range,X-Linked-Size,X-Linked-ETag,X-Xet-Hash'), (b'X-Repo-Commit', b'1110a243fdf4706b3f48f1d95db1a4f5529b4d41'), (b'Accept-Ranges', b'bytes'), (b'X-Hub-Cache', b'MISS'), (b'Content-Disposition', b'inline; filename*=UTF-8\'\'config.json; filename="config.json";'), (b'Content-Security-Policy', b"default-src 'none'; sandbox"), (b'Vary', b'Origin'), (b'X-Cache', b'Hit from cloudfront'), (b'Via', b'1.1 98c5164a86e0d67efb9bf35971e4d56c.cloudfront.net (CloudFront)'), (b'X-Amz-Cf-Pop', b'BOM78-P10'), (b'X-Amz-Cf-Id', b'rnDqnhM5UrEkhsi7Qjyce9E-LpfRlVnon5hMFd7rDP-SUKcL_rauKg=='), (b'Age', b'1675407')])
[2026-06-20 21:37:39] httpx - INFO - HTTP Request: HEAD https://huggingface.co/api/resolve-cache/models/sentence-transformers/all-MiniLM-L6-v2/1110a243fdf4706b3f48f1d95db1a4f5529b4d41/1_Pooling%2Fconfig.json "HTTP/1.1 200 OK"
[2026-06-20 21:37:39] httpcore.http11 - DEBUG - receive_response_body.started request=<Request [b'HEAD']>
[2026-06-20 21:37:39] httpcore.http11 - DEBUG - receive_response_body.complete
[2026-06-20 21:37:39] httpcore.http11 - DEBUG - response_closed.started
[2026-06-20 21:37:39] httpcore.http11 - DEBUG - response_closed.complete
[2026-06-20 21:37:39] httpcore.http11 - DEBUG - send_request_headers.started request=<Request [b'GET']>
[2026-06-20 21:37:39] httpcore.http11 - DEBUG - send_request_headers.complete
[2026-06-20 21:37:39] httpcore.http11 - DEBUG - send_request_body.started request=<Request [b'GET']>
[2026-06-20 21:37:39] httpcore.http11 - DEBUG - send_request_body.complete
[2026-06-20 21:37:39] httpcore.http11 - DEBUG - receive_response_headers.started request=<Request [b'GET']>
[2026-06-20 21:37:39] httpcore.http11 - DEBUG - receive_response_headers.complete return_value=(b'HTTP/1.1', 200, b'OK', [(b'Content-Type', b'application/json; charset=utf-8'), (b'Transfer-Encoding', b'chunked'), (b'Connection', b'keep-alive'), (b'Date', b'Sat, 20 Jun 2026 15:52:40 GMT'), (b'content-encoding', b'gzip'), (b'ETag', b'W/"1bed-iupxDFC5qz2Xk5ywQVDY7pWFe7U"'), (b'X-Powered-By', b'huggingface-moon'), (b'X-Request-Id', b'Root=1-6a36b748-3ea252711b59dc631e01c411;26f340df-c5a3-46a2-bd9c-772dbc467927'), (b'RateLimit', b'"api";r=497;t=84'), (b'RateLimit-Policy', b'"fixed window";"api";q=500;w=300'), (b'cross-origin-opener-policy', b'same-origin'), (b'Referrer-Policy', b'strict-origin-when-cross-origin'), (b'Access-Control-Max-Age', b'86400'), (b'Access-Control-Allow-Origin', b'https://huggingface.co'), (b'Vary', b'Origin'), (b'vary', b'Accept-Encoding'), (b'Access-Control-Expose-Headers', b'X-Repo-Commit,X-Request-Id,X-Error-Code,X-Error-Message,X-Total-Count,ETag,Link,Accept-Ranges,Content-Range,X-Linked-Size,X-Linked-ETag,X-Xet-Hash'), (b'X-Cache', b'Miss from cloudfront'), (b'Via', b'1.1 98c5164a86e0d67efb9bf35971e4d56c.cloudfront.net (CloudFront)'), (b'X-Amz-Cf-Pop', b'BOM78-P10'), (b'X-Amz-Cf-Id', b'SJZcW-fniM-VeQOCxs1QhS0tyB56K2djEBWU9rnatK-9UOv2HnLC3w==')])
[2026-06-20 21:37:39] httpx - INFO - HTTP Request: GET https://huggingface.co/api/models/sentence-transformers/all-MiniLM-L6-v2 "HTTP/1.1 200 OK"
[2026-06-20 21:37:39] httpcore.http11 - DEBUG - receive_response_body.started request=<Request [b'GET']>
[2026-06-20 21:37:39] httpcore.http11 - DEBUG - receive_response_body.complete
[2026-06-20 21:37:39] httpcore.http11 - DEBUG - response_closed.started
[2026-06-20 21:37:39] httpcore.http11 - DEBUG - response_closed.complete
[2026-06-20 21:37:40] app.models.embedder - INFO - SBERT model loaded
[2026-06-20 21:37:41] app.models.classifier - INFO - Loading model from /mnt/c/Users/acer/PROJECTS/A Minor NCE/Resume/resume-screener/data/models/decision_tree_model.pkl
[2026-06-20 21:37:41] app.models.classifier - INFO - Model loaded: max_depth=7, features=12, accuracy=97.00%
[2026-06-20 21:37:41] __main__ - INFO - Result: good_resume.txt → Potentially Fake (100.0%)
[2026-06-20 21:37:41] __main__ - INFO - POST /api/predict → 200 (8.75s)
[2026-06-20 21:37:41] __main__ - INFO - GET /api/model/info → 200 (0.01s)
[2026-06-20 21:37:41] __main__ - INFO - Batch predict: 2 files
[2026-06-20 21:37:41] app.utils.parser - DEBUG - Parsing: good_resume.txt (format: txt, size: 242 bytes)
[2026-06-20 21:37:41] app.utils.parser - DEBUG - TXT parsed: 241 chars (encoding: utf-8)
[2026-06-20 21:37:41] __main__ - DEBUG - Batch: good_resume.txt → Potentially Fake
[2026-06-20 21:37:41] app.utils.parser - DEBUG - Parsing: bad_resume.txt (format: txt, size: 211 bytes)
[2026-06-20 21:37:41] app.utils.parser - DEBUG - TXT parsed: 210 chars (encoding: utf-8)
[2026-06-20 21:37:41] __main__ - DEBUG - Batch: bad_resume.txt → Potentially Fake
[2026-06-20 21:37:41] __main__ - INFO - Batch complete: 2 results (2 ok)
[2026-06-20 21:37:41] __main__ - INFO - POST /api/predict_batch → 200 (0.07s)
[2026-06-20 21:38:50] __main__ - INFO - GET / → 200 (0.01s)
[2026-06-20 21:38:52] __main__ - INFO - GET / → 200 (0.00s)
[2026-06-20 21:39:32] __main__ - INFO - GET /batch → 200 (0.00s)
[2026-06-20 21:39:37] __main__ - INFO - GET /analytics → 200 (0.00s)
[2026-06-20 21:39:37] __main__ - INFO - GET /api/model/info → 200 (0.01s)
[2026-06-20 21:39:37] __main__ - INFO - GET /api/class_distribution → 200 (0.11s)
[2026-06-20 21:39:37] __main__ - INFO - GET /api/dataset/stats → 200 (0.07s)
[2026-06-20 21:39:37] __main__ - INFO - GET /static/confusion_matrix.png → 304 (0.02s)
[2026-06-20 21:39:37] __main__ - INFO - GET /static/correlation_matrix.png → 304 (0.01s)
[2026-06-20 21:39:40] __main__ - INFO - GET / → 200 (0.00s)
[2026-06-20 21:40:40] __main__ - INFO - GET / → 200 (0.00s)
[2026-06-20 21:40:40] __main__ - INFO - GET /batch → 200 (0.01s)
[2026-06-20 21:40:40] __main__ - INFO - GET /analytics → 200 (0.00s)
[2026-06-20 21:40:40] __main__ - INFO - GET /api/model/info → 200 (0.01s)
[2026-06-20 21:40:40] __main__ - INFO - GET /api/dataset/stats → 200 (0.07s)
[2026-06-20 21:40:40] app.utils.parser - DEBUG - Parsing: good_resume.txt (format: txt, size: 242 bytes)
[2026-06-20 21:40:40] app.utils.parser - DEBUG - TXT parsed: 241 chars (encoding: utf-8)
[2026-06-20 21:40:40] __main__ - INFO - Predicting: good_resume.txt | JD: 17 chars
[2026-06-20 21:40:41] __main__ - INFO - Result: good_resume.txt → Potentially Fake (80.0%)
[2026-06-20 21:40:41] __main__ - INFO - POST /api/predict → 200 (0.04s)
